SF:/mnt/datadrive_m2/self-sensored/src/config/batch_config.rs
FN:451,_RNvMs_NtNtCs1yu0zy1SNdm_13self_sensored6config12batch_configNtB4_11BatchConfig21performance_benchmark
FN:132,_RNvMs_NtNtCs1yu0zy1SNdm_13self_sensored6config12batch_configNtB4_11BatchConfig8from_env
FN:276,_RNvMs_NtNtCs1yu0zy1SNdm_13self_sensored6config12batch_configNtB4_11BatchConfig8validate
FN:83,_RNvXNtNtCs1yu0zy1SNdm_13self_sensored6config12batch_configNtB2_11BatchConfigNtNtCs1p5UDGgVI4d_4core7default7Default7default
FN:136,_RNCNvMs_NtNtCs1yu0zy1SNdm_13self_sensored6config12batch_configNtB6_11BatchConfig8from_env0Ba_
FN:144,_RNCNvMs_NtNtCs1yu0zy1SNdm_13self_sensored6config12batch_configNtB6_11BatchConfig8from_envs0_0Ba_
FN:148,_RNCNvMs_NtNtCs1yu0zy1SNdm_13self_sensored6config12batch_configNtB6_11BatchConfig8from_envs1_0Ba_
FN:152,_RNCNvMs_NtNtCs1yu0zy1SNdm_13self_sensored6config12batch_configNtB6_11BatchConfig8from_envs2_0Ba_
FN:156,_RNCNvMs_NtNtCs1yu0zy1SNdm_13self_sensored6config12batch_configNtB6_11BatchConfig8from_envs3_0Ba_
FN:161,_RNCNvMs_NtNtCs1yu0zy1SNdm_13self_sensored6config12batch_configNtB6_11BatchConfig8from_envs4_0Ba_
FN:165,_RNCNvMs_NtNtCs1yu0zy1SNdm_13self_sensored6config12batch_configNtB6_11BatchConfig8from_envs5_0Ba_
FN:169,_RNCNvMs_NtNtCs1yu0zy1SNdm_13self_sensored6config12batch_configNtB6_11BatchConfig8from_envs6_0Ba_
FN:173,_RNCNvMs_NtNtCs1yu0zy1SNdm_13self_sensored6config12batch_configNtB6_11BatchConfig8from_envs7_0Ba_
FN:177,_RNCNvMs_NtNtCs1yu0zy1SNdm_13self_sensored6config12batch_configNtB6_11BatchConfig8from_envs8_0Ba_
FN:181,_RNCNvMs_NtNtCs1yu0zy1SNdm_13self_sensored6config12batch_configNtB6_11BatchConfig8from_envs9_0Ba_
FN:140,_RNCNvMs_NtNtCs1yu0zy1SNdm_13self_sensored6config12batch_configNtB6_11BatchConfig8from_envs_0Ba_
FN:185,_RNCNvMs_NtNtCs1yu0zy1SNdm_13self_sensored6config12batch_configNtB6_11BatchConfig8from_envsa_0Ba_
FN:189,_RNCNvMs_NtNtCs1yu0zy1SNdm_13self_sensored6config12batch_configNtB6_11BatchConfig8from_envsb_0Ba_
FN:193,_RNCNvMs_NtNtCs1yu0zy1SNdm_13self_sensored6config12batch_configNtB6_11BatchConfig8from_envsc_0Ba_
FN:197,_RNCNvMs_NtNtCs1yu0zy1SNdm_13self_sensored6config12batch_configNtB6_11BatchConfig8from_envsd_0Ba_
FN:201,_RNCNvMs_NtNtCs1yu0zy1SNdm_13self_sensored6config12batch_configNtB6_11BatchConfig8from_envse_0Ba_
FN:207,_RNCNvMs_NtNtCs1yu0zy1SNdm_13self_sensored6config12batch_configNtB6_11BatchConfig8from_envsf_0Ba_
FN:211,_RNCNvMs_NtNtCs1yu0zy1SNdm_13self_sensored6config12batch_configNtB6_11BatchConfig8from_envsg_0Ba_
FN:217,_RNCNvMs_NtNtCs1yu0zy1SNdm_13self_sensored6config12batch_configNtB6_11BatchConfig8from_envsh_0Ba_
FN:221,_RNCNvMs_NtNtCs1yu0zy1SNdm_13self_sensored6config12batch_configNtB6_11BatchConfig8from_envsi_0Ba_
FN:227,_RNCNvMs_NtNtCs1yu0zy1SNdm_13self_sensored6config12batch_configNtB6_11BatchConfig8from_envsj_0Ba_
FN:231,_RNCNvMs_NtNtCs1yu0zy1SNdm_13self_sensored6config12batch_configNtB6_11BatchConfig8from_envsk_0Ba_
FN:235,_RNCNvMs_NtNtCs1yu0zy1SNdm_13self_sensored6config12batch_configNtB6_11BatchConfig8from_envsl_0Ba_
FN:239,_RNCNvMs_NtNtCs1yu0zy1SNdm_13self_sensored6config12batch_configNtB6_11BatchConfig8from_envsm_0Ba_
FN:243,_RNCNvMs_NtNtCs1yu0zy1SNdm_13self_sensored6config12batch_configNtB6_11BatchConfig8from_envsn_0Ba_
FN:248,_RNCNvMs_NtNtCs1yu0zy1SNdm_13self_sensored6config12batch_configNtB6_11BatchConfig8from_envso_0Ba_
FN:252,_RNCNvMs_NtNtCs1yu0zy1SNdm_13self_sensored6config12batch_configNtB6_11BatchConfig8from_envsp_0Ba_
FN:256,_RNCNvMs_NtNtCs1yu0zy1SNdm_13self_sensored6config12batch_configNtB6_11BatchConfig8from_envsq_0Ba_
FN:262,_RNCNvMs_NtNtCs1yu0zy1SNdm_13self_sensored6config12batch_configNtB6_11BatchConfig8from_envsr_0Ba_
FN:266,_RNCNvMs_NtNtCs1yu0zy1SNdm_13self_sensored6config12batch_configNtB6_11BatchConfig8from_envss_0Ba_
FN:670,_RNvNtNtNtCs1yu0zy1SNdm_13self_sensored6config12batch_config5testss_26test_performance_benchmark
FN:617,_RNvNtNtNtCs1yu0zy1SNdm_13self_sensored6config12batch_config5testss_28test_chunk_size_calculations
FN:682,_RNvNtNtNtCs1yu0zy1SNdm_13self_sensored6config12batch_config5testss_35test_environment_variable_overrides
FN:609,_RNvNtNtNtCs1yu0zy1SNdm_13self_sensored6config12batch_config5testss_35test_optimized_chunk_sizes_are_safe
FNDA:1,_RNvMs_NtNtCs1yu0zy1SNdm_13self_sensored6config12batch_configNtB4_11BatchConfig21performance_benchmark
FNDA:1,_RNvMs_NtNtCs1yu0zy1SNdm_13self_sensored6config12batch_configNtB4_11BatchConfig8from_env
FNDA:2,_RNvMs_NtNtCs1yu0zy1SNdm_13self_sensored6config12batch_configNtB4_11BatchConfig8validate
FNDA:3,_RNvXNtNtCs1yu0zy1SNdm_13self_sensored6config12batch_configNtB2_11BatchConfigNtNtCs1p5UDGgVI4d_4core7default7Default7default
FNDA:0,_RNCNvMs_NtNtCs1yu0zy1SNdm_13self_sensored6config12batch_configNtB6_11BatchConfig8from_env0Ba_
FNDA:0,_RNCNvMs_NtNtCs1yu0zy1SNdm_13self_sensored6config12batch_configNtB6_11BatchConfig8from_envs0_0Ba_
FNDA:0,_RNCNvMs_NtNtCs1yu0zy1SNdm_13self_sensored6config12batch_configNtB6_11BatchConfig8from_envs1_0Ba_
FNDA:0,_RNCNvMs_NtNtCs1yu0zy1SNdm_13self_sensored6config12batch_configNtB6_11BatchConfig8from_envs2_0Ba_
FNDA:0,_RNCNvMs_NtNtCs1yu0zy1SNdm_13self_sensored6config12batch_configNtB6_11BatchConfig8from_envs3_0Ba_
FNDA:1,_RNCNvMs_NtNtCs1yu0zy1SNdm_13self_sensored6config12batch_configNtB6_11BatchConfig8from_envs4_0Ba_
FNDA:0,_RNCNvMs_NtNtCs1yu0zy1SNdm_13self_sensored6config12batch_configNtB6_11BatchConfig8from_envs5_0Ba_
FNDA:0,_RNCNvMs_NtNtCs1yu0zy1SNdm_13self_sensored6config12batch_configNtB6_11BatchConfig8from_envs6_0Ba_
FNDA:0,_RNCNvMs_NtNtCs1yu0zy1SNdm_13self_sensored6config12batch_configNtB6_11BatchConfig8from_envs7_0Ba_
FNDA:0,_RNCNvMs_NtNtCs1yu0zy1SNdm_13self_sensored6config12batch_configNtB6_11BatchConfig8from_envs8_0Ba_
FNDA:0,_RNCNvMs_NtNtCs1yu0zy1SNdm_13self_sensored6config12batch_configNtB6_11BatchConfig8from_envs9_0Ba_
FNDA:0,_RNCNvMs_NtNtCs1yu0zy1SNdm_13self_sensored6config12batch_configNtB6_11BatchConfig8from_envs_0Ba_
FNDA:0,_RNCNvMs_NtNtCs1yu0zy1SNdm_13self_sensored6config12batch_configNtB6_11BatchConfig8from_envsa_0Ba_
FNDA:0,_RNCNvMs_NtNtCs1yu0zy1SNdm_13self_sensored6config12batch_configNtB6_11BatchConfig8from_envsb_0Ba_
FNDA:0,_RNCNvMs_NtNtCs1yu0zy1SNdm_13self_sensored6config12batch_configNtB6_11BatchConfig8from_envsc_0Ba_
FNDA:0,_RNCNvMs_NtNtCs1yu0zy1SNdm_13self_sensored6config12batch_configNtB6_11BatchConfig8from_envsd_0Ba_
FNDA:0,_RNCNvMs_NtNtCs1yu0zy1SNdm_13self_sensored6config12batch_configNtB6_11BatchConfig8from_envse_0Ba_
FNDA:0,_RNCNvMs_NtNtCs1yu0zy1SNdm_13self_sensored6config12batch_configNtB6_11BatchConfig8from_envsf_0Ba_
FNDA:0,_RNCNvMs_NtNtCs1yu0zy1SNdm_13self_sensored6config12batch_configNtB6_11BatchConfig8from_envsg_0Ba_
FNDA:0,_RNCNvMs_NtNtCs1yu0zy1SNdm_13self_sensored6config12batch_configNtB6_11BatchConfig8from_envsh_0Ba_
FNDA:0,_RNCNvMs_NtNtCs1yu0zy1SNdm_13self_sensored6config12batch_configNtB6_11BatchConfig8from_envsi_0Ba_
FNDA:0,_RNCNvMs_NtNtCs1yu0zy1SNdm_13self_sensored6config12batch_configNtB6_11BatchConfig8from_envsj_0Ba_
FNDA:0,_RNCNvMs_NtNtCs1yu0zy1SNdm_13self_sensored6config12batch_configNtB6_11BatchConfig8from_envsk_0Ba_
FNDA:0,_RNCNvMs_NtNtCs1yu0zy1SNdm_13self_sensored6config12batch_configNtB6_11BatchConfig8from_envsl_0Ba_
FNDA:0,_RNCNvMs_NtNtCs1yu0zy1SNdm_13self_sensored6config12batch_configNtB6_11BatchConfig8from_envsm_0Ba_
FNDA:0,_RNCNvMs_NtNtCs1yu0zy1SNdm_13self_sensored6config12batch_configNtB6_11BatchConfig8from_envsn_0Ba_
FNDA:0,_RNCNvMs_NtNtCs1yu0zy1SNdm_13self_sensored6config12batch_configNtB6_11BatchConfig8from_envso_0Ba_
FNDA:0,_RNCNvMs_NtNtCs1yu0zy1SNdm_13self_sensored6config12batch_configNtB6_11BatchConfig8from_envsp_0Ba_
FNDA:0,_RNCNvMs_NtNtCs1yu0zy1SNdm_13self_sensored6config12batch_configNtB6_11BatchConfig8from_envsq_0Ba_
FNDA:0,_RNCNvMs_NtNtCs1yu0zy1SNdm_13self_sensored6config12batch_configNtB6_11BatchConfig8from_envsr_0Ba_
FNDA:0,_RNCNvMs_NtNtCs1yu0zy1SNdm_13self_sensored6config12batch_configNtB6_11BatchConfig8from_envss_0Ba_
FNDA:1,_RNvNtNtNtCs1yu0zy1SNdm_13self_sensored6config12batch_config5testss_26test_performance_benchmark
FNDA:1,_RNvNtNtNtCs1yu0zy1SNdm_13self_sensored6config12batch_config5testss_28test_chunk_size_calculations
FNDA:1,_RNvNtNtNtCs1yu0zy1SNdm_13self_sensored6config12batch_config5testss_35test_environment_variable_overrides
FNDA:1,_RNvNtNtNtCs1yu0zy1SNdm_13self_sensored6config12batch_config5testss_35test_optimized_chunk_sizes_are_safe
FNF:39
FNH:9
DA:83,3
DA:84,3
DA:85,3
DA:86,3
DA:87,3
DA:88,3
DA:89,3
DA:90,3
DA:91,3
DA:92,3
DA:93,3
DA:94,3
DA:95,3
DA:96,3
DA:97,3
DA:98,3
DA:99,3
DA:100,3
DA:101,3
DA:102,3
DA:103,3
DA:104,3
DA:105,3
DA:106,3
DA:107,3
DA:108,3
DA:109,3
DA:110,3
DA:111,3
DA:112,3
DA:113,3
DA:114,3
DA:115,3
DA:116,3
DA:117,3
DA:118,3
DA:119,3
DA:120,3
DA:121,3
DA:122,3
DA:123,3
DA:124,3
DA:125,3
DA:126,3
DA:127,3
DA:132,1
DA:134,1
DA:135,1
DA:136,1
DA:137,1
DA:138,1
DA:139,1
DA:140,1
DA:141,1
DA:142,1
DA:143,1
DA:144,1
DA:145,1
DA:146,1
DA:147,1
DA:148,1
DA:149,1
DA:150,1
DA:151,1
DA:152,1
DA:153,1
DA:154,1
DA:155,1
DA:156,1
DA:157,1
DA:159,1
DA:160,1
DA:161,1
DA:162,1
DA:163,1
DA:164,1
DA:165,1
DA:166,1
DA:167,1
DA:168,1
DA:169,1
DA:170,1
DA:171,1
DA:172,1
DA:173,1
DA:174,1
DA:175,1
DA:176,1
DA:177,1
DA:178,1
DA:179,1
DA:180,1
DA:181,1
DA:182,1
DA:183,1
DA:184,1
DA:185,1
DA:186,1
DA:187,1
DA:188,1
DA:189,1
DA:190,1
DA:191,1
DA:192,1
DA:193,1
DA:194,1
DA:195,1
DA:196,1
DA:197,1
DA:198,1
DA:199,1
DA:200,1
DA:201,1
DA:202,1
DA:205,1
DA:206,1
DA:207,1
DA:208,1
DA:209,1
DA:210,1
DA:211,1
DA:212,1
DA:215,1
DA:216,1
DA:217,1
DA:218,1
DA:219,1
DA:220,1
DA:221,1
DA:222,1
DA:225,1
DA:226,1
DA:227,1
DA:228,1
DA:229,1
DA:230,1
DA:231,1
DA:232,1
DA:233,1
DA:234,1
DA:235,1
DA:236,1
DA:237,1
DA:238,1
DA:239,1
DA:240,1
DA:241,1
DA:242,1
DA:243,1
DA:244,1
DA:246,1
DA:247,1
DA:248,1
DA:249,1
DA:250,1
DA:251,1
DA:252,1
DA:253,1
DA:254,1
DA:255,1
DA:256,1
DA:257,1
DA:260,1
DA:261,1
DA:262,1
DA:263,1
DA:264,1
DA:265,1
DA:266,1
DA:267,1
DA:269,1
DA:276,2
DA:277,2
DA:278,2
DA:279,2
DA:280,2
DA:281,2
DA:282,2
DA:283,2
DA:284,2
DA:285,2
DA:286,2
DA:287,2
DA:288,2
DA:289,2
DA:290,2
DA:291,2
DA:292,2
DA:293,2
DA:294,2
DA:295,2
DA:296,2
DA:297,2
DA:298,2
DA:299,2
DA:300,2
DA:301,2
DA:302,2
DA:303,2
DA:304,2
DA:305,2
DA:306,2
DA:307,2
DA:308,2
DA:309,2
DA:310,2
DA:311,2
DA:312,2
DA:313,2
DA:314,2
DA:315,2
DA:316,2
DA:317,2
DA:318,2
DA:319,2
DA:320,2
DA:321,2
DA:322,2
DA:323,2
DA:324,2
DA:325,2
DA:326,2
DA:327,2
DA:328,2
DA:330,2
DA:331,2
DA:332,2
DA:333,2
DA:334,2
DA:335,2
DA:336,2
DA:337,2
DA:338,2
DA:339,2
DA:341,2
DA:342,2
DA:343,2
DA:344,2
DA:345,2
DA:346,2
DA:347,2
DA:348,2
DA:349,2
DA:350,2
DA:352,2
DA:353,2
DA:354,2
DA:355,2
DA:356,2
DA:357,2
DA:358,2
DA:359,2
DA:360,2
DA:361,2
DA:362,2
DA:363,2
DA:364,2
DA:365,2
DA:366,2
DA:367,2
DA:368,2
DA:369,2
DA:370,2
DA:371,2
DA:372,2
DA:373,2
DA:374,2
DA:375,2
DA:376,2
DA:379,2
DA:380,2
DA:381,2
DA:383,42
DA:384,40
DA:385,40
DA:386,40
DA:389,40
DA:390,0
DA:391,0
DA:392,0
DA:393,0
DA:394,0
DA:395,0
DA:396,0
DA:397,0
DA:399,40
DA:400,40
DA:401,40
DA:402,40
DA:403,40
DA:404,40
DA:406,0
DA:407,0
DA:408,0
DA:409,0
DA:410,0
DA:411,0
DA:412,0
DA:413,0
DA:414,0
DA:415,0
DA:419,2
DA:420,0
DA:421,0
DA:422,0
DA:423,0
DA:424,0
DA:425,2
DA:427,2
DA:428,2
DA:429,42
DA:430,40
DA:431,40
DA:432,2
DA:433,0
DA:435,2
DA:436,0
DA:437,0
DA:438,0
DA:439,0
DA:440,0
DA:441,2
DA:443,2
DA:444,2
DA:445,2
DA:451,1
DA:452,1
DA:453,1
DA:454,1
DA:455,1
DA:456,1
DA:457,1
DA:458,1
DA:459,1
DA:460,1
DA:461,1
DA:462,1
DA:463,1
DA:464,1
DA:465,1
DA:466,1
DA:467,1
DA:468,1
DA:469,1
DA:470,1
DA:471,1
DA:472,1
DA:473,1
DA:474,1
DA:475,1
DA:476,1
DA:477,1
DA:478,1
DA:479,1
DA:480,1
DA:481,1
DA:482,1
DA:483,1
DA:484,1
DA:485,1
DA:486,1
DA:487,1
DA:488,1
DA:489,1
DA:490,1
DA:491,1
DA:492,1
DA:493,1
DA:494,1
DA:497,1
DA:498,1
DA:499,1
DA:501,1
DA:502,1
DA:505,1
DA:507,1
DA:508,1
DA:509,1
DA:511,8
DA:512,7
DA:513,7
DA:514,7
DA:516,7
DA:517,4
DA:518,4
DA:519,4
DA:520,4
DA:521,3
DA:522,3
DA:523,3
DA:525,0
DA:528,7
DA:529,3
DA:531,4
DA:534,7
DA:535,7
DA:537,0
DA:540,7
DA:541,7
DA:542,7
DA:543,7
DA:545,7
DA:546,4
DA:547,4
DA:548,4
DA:549,4
DA:550,4
DA:553,1
DA:554,1
DA:555,1
DA:556,1
DA:557,1
DA:558,1
DA:559,1
DA:560,1
DA:561,1
DA:562,1
DA:563,1
DA:564,1
DA:565,1
DA:567,1
DA:568,8
DA:569,7
DA:570,7
DA:571,7
DA:572,7
DA:573,7
DA:574,7
DA:575,7
DA:576,7
DA:577,7
DA:579,1
DA:580,1
DA:582,1
DA:584,0
DA:587,1
DA:588,1
DA:589,1
DA:590,1
DA:591,1
DA:592,1
DA:593,1
DA:594,1
DA:595,1
DA:596,1
DA:597,1
DA:598,1
DA:600,1
DA:601,1
DA:609,1
DA:610,1
DA:611,1
DA:612,1
DA:613,1
DA:614,1
DA:617,1
DA:618,1
DA:621,1
DA:622,1
DA:623,1
DA:624,1
DA:625,1
DA:626,1
DA:627,1
DA:628,1
DA:629,1
DA:630,1
DA:631,1
DA:632,1
DA:633,1
DA:634,1
DA:635,1
DA:636,1
DA:637,1
DA:638,1
DA:639,1
DA:640,1
DA:641,1
DA:642,1
DA:643,1
DA:644,1
DA:645,1
DA:646,1
DA:647,1
DA:648,1
DA:649,1
DA:650,1
DA:651,1
DA:652,1
DA:655,8
DA:656,7
DA:657,7
DA:658,7
DA:659,0
DA:667,1
DA:670,1
DA:671,1
DA:672,1
DA:675,1
DA:676,1
DA:677,1
DA:678,1
DA:679,1
DA:682,1
DA:684,1
DA:685,1
DA:686,1
DA:687,1
DA:688,1
BRF:0
BRH:0
LF:540
LH:477
end_of_record
SF:/mnt/datadrive_m2/self-sensored/src/config/log_queries.rs
FN:375,_RNvNtNtNtCs1yu0zy1SNdm_13self_sensored6config11log_queries5testss_21test_alert_conditions
FN:357,_RNvNtNtNtCs1yu0zy1SNdm_13self_sensored6config11log_queries5testss_21test_query_generation
FN:382,_RNvNtNtNtCs1yu0zy1SNdm_13self_sensored6config11log_queries5testss_22test_debugging_queries
FN:201,_RNvMNtNtCs1yu0zy1SNdm_13self_sensored6config11log_queriesNtB2_10LogQueries12loki_queries
FN:245,_RNvMNtNtCs1yu0zy1SNdm_13self_sensored6config11log_queriesNtB2_10LogQueries14splunk_queries
FN:77,_RNvMNtNtCs1yu0zy1SNdm_13self_sensored6config11log_queriesNtB2_10LogQueries15datadog_queries
FN:16,_RNvMNtNtCs1yu0zy1SNdm_13self_sensored6config11log_queriesNtB2_10LogQueries18cloudwatch_queries
FN:113,_RNvMNtNtCs1yu0zy1SNdm_13self_sensored6config11log_queriesNtB2_10LogQueries21elasticsearch_queries
FN:286,_RNvMs_NtNtCs1yu0zy1SNdm_13self_sensored6config11log_queriesNtB4_11LogAnalysis16alert_conditions
FN:317,_RNvMs_NtNtCs1yu0zy1SNdm_13self_sensored6config11log_queriesNtB4_11LogAnalysis17debugging_queries
FNDA:1,_RNvNtNtNtCs1yu0zy1SNdm_13self_sensored6config11log_queries5testss_21test_alert_conditions
FNDA:1,_RNvNtNtNtCs1yu0zy1SNdm_13self_sensored6config11log_queries5testss_21test_query_generation
FNDA:1,_RNvNtNtNtCs1yu0zy1SNdm_13self_sensored6config11log_queries5testss_22test_debugging_queries
FNDA:1,_RNvMNtNtCs1yu0zy1SNdm_13self_sensored6config11log_queriesNtB2_10LogQueries12loki_queries
FNDA:1,_RNvMNtNtCs1yu0zy1SNdm_13self_sensored6config11log_queriesNtB2_10LogQueries14splunk_queries
FNDA:1,_RNvMNtNtCs1yu0zy1SNdm_13self_sensored6config11log_queriesNtB2_10LogQueries15datadog_queries
FNDA:1,_RNvMNtNtCs1yu0zy1SNdm_13self_sensored6config11log_queriesNtB2_10LogQueries18cloudwatch_queries
FNDA:1,_RNvMNtNtCs1yu0zy1SNdm_13self_sensored6config11log_queriesNtB2_10LogQueries21elasticsearch_queries
FNDA:1,_RNvMs_NtNtCs1yu0zy1SNdm_13self_sensored6config11log_queriesNtB4_11LogAnalysis16alert_conditions
FNDA:1,_RNvMs_NtNtCs1yu0zy1SNdm_13self_sensored6config11log_queriesNtB4_11LogAnalysis17debugging_queries
FNF:10
FNH:10
DA:16,1
DA:17,1
DA:18,1
DA:19,1
DA:20,1
DA:21,1
DA:22,1
DA:23,1
DA:24,1
DA:25,1
DA:26,1
DA:27,1
DA:28,1
DA:29,1
DA:30,1
DA:31,1
DA:32,1
DA:33,1
DA:34,1
DA:35,1
DA:36,1
DA:37,1
DA:38,1
DA:39,1
DA:40,1
DA:41,1
DA:42,1
DA:43,1
DA:44,1
DA:45,1
DA:46,1
DA:47,1
DA:48,1
DA:49,1
DA:50,1
DA:51,1
DA:52,1
DA:53,1
DA:54,1
DA:55,1
DA:56,1
DA:57,1
DA:58,1
DA:59,1
DA:60,1
DA:61,1
DA:62,1
DA:63,1
DA:64,1
DA:65,1
DA:66,1
DA:67,1
DA:68,1
DA:69,1
DA:70,1
DA:71,1
DA:72,1
DA:74,1
DA:77,1
DA:78,1
DA:79,1
DA:80,1
DA:81,1
DA:82,1
DA:83,1
DA:84,1
DA:85,1
DA:86,1
DA:87,1
DA:88,1
DA:89,1
DA:90,1
DA:91,1
DA:92,1
DA:93,1
DA:94,1
DA:95,1
DA:96,1
DA:97,1
DA:98,1
DA:99,1
DA:100,1
DA:101,1
DA:102,1
DA:103,1
DA:104,1
DA:105,1
DA:106,1
DA:107,1
DA:108,1
DA:110,1
DA:113,1
DA:114,1
DA:115,1
DA:116,1
DA:117,1
DA:118,1
DA:119,1
DA:120,1
DA:121,1
DA:122,1
DA:123,1
DA:124,1
DA:125,1
DA:126,1
DA:127,1
DA:128,1
DA:129,1
DA:130,1
DA:131,1
DA:132,1
DA:133,1
DA:134,1
DA:135,1
DA:136,1
DA:137,1
DA:138,1
DA:139,1
DA:140,1
DA:141,1
DA:142,1
DA:143,1
DA:144,1
DA:145,1
DA:146,1
DA:147,1
DA:148,1
DA:149,1
DA:150,1
DA:151,1
DA:152,1
DA:153,1
DA:154,1
DA:155,1
DA:156,1
DA:157,1
DA:158,1
DA:159,1
DA:160,1
DA:161,1
DA:162,1
DA:163,1
DA:164,1
DA:165,1
DA:166,1
DA:167,1
DA:168,1
DA:169,1
DA:170,1
DA:171,1
DA:172,1
DA:173,1
DA:174,1
DA:175,1
DA:176,1
DA:177,1
DA:178,1
DA:179,1
DA:180,1
DA:181,1
DA:182,1
DA:183,1
DA:184,1
DA:185,1
DA:186,1
DA:187,1
DA:188,1
DA:189,1
DA:190,1
DA:191,1
DA:192,1
DA:193,1
DA:194,1
DA:195,1
DA:196,1
DA:198,1
DA:201,1
DA:202,1
DA:203,1
DA:204,1
DA:205,1
DA:206,1
DA:207,1
DA:208,1
DA:209,1
DA:210,1
DA:211,1
DA:212,1
DA:213,1
DA:214,1
DA:215,1
DA:216,1
DA:217,1
DA:218,1
DA:219,1
DA:220,1
DA:221,1
DA:222,1
DA:223,1
DA:224,1
DA:225,1
DA:226,1
DA:227,1
DA:228,1
DA:229,1
DA:230,1
DA:231,1
DA:232,1
DA:233,1
DA:234,1
DA:235,1
DA:236,1
DA:237,1
DA:238,1
DA:239,1
DA:240,1
DA:242,1
DA:245,1
DA:246,1
DA:247,1
DA:248,1
DA:249,1
DA:250,1
DA:251,1
DA:252,1
DA:253,1
DA:254,1
DA:255,1
DA:256,1
DA:257,1
DA:258,1
DA:259,1
DA:260,1
DA:261,1
DA:262,1
DA:263,1
DA:264,1
DA:265,1
DA:266,1
DA:267,1
DA:268,1
DA:269,1
DA:270,1
DA:271,1
DA:272,1
DA:273,1
DA:274,1
DA:275,1
DA:276,1
DA:278,1
DA:286,1
DA:287,1
DA:288,1
DA:289,1
DA:290,1
DA:291,1
DA:292,1
DA:293,1
DA:294,1
DA:295,1
DA:296,1
DA:297,1
DA:298,1
DA:299,1
DA:300,1
DA:301,1
DA:302,1
DA:303,1
DA:304,1
DA:305,1
DA:306,1
DA:307,1
DA:308,1
DA:309,1
DA:310,1
DA:311,1
DA:312,1
DA:314,1
DA:317,1
DA:318,1
DA:319,1
DA:320,1
DA:321,1
DA:322,1
DA:323,1
DA:324,1
DA:325,1
DA:326,1
DA:327,1
DA:328,1
DA:329,1
DA:330,1
DA:331,1
DA:332,1
DA:333,1
DA:334,1
DA:335,1
DA:336,1
DA:337,1
DA:338,1
DA:339,1
DA:340,1
DA:341,1
DA:342,1
DA:343,1
DA:344,1
DA:345,1
DA:346,1
DA:347,1
DA:349,1
DA:357,1
DA:358,1
DA:359,1
DA:361,1
DA:362,1
DA:364,1
DA:365,1
DA:367,1
DA:368,1
DA:370,1
DA:371,1
DA:372,1
DA:375,1
DA:376,1
DA:377,1
DA:378,1
DA:379,1
DA:382,1
DA:383,1
DA:384,1
DA:385,1
DA:386,1
BRF:0
BRH:0
LF:332
LH:332
end_of_record
SF:/mnt/datadrive_m2/self-sensored/src/config/logging.rs
FN:344,_RNvNtNtNtCs1yu0zy1SNdm_13self_sensored6config7logging5testss_20test_parse_log_level
FN:364,_RNvNtNtNtCs1yu0zy1SNdm_13self_sensored6config7logging5testss_22test_log_level_manager
FN:376,_RNvNtNtNtCs1yu0zy1SNdm_13self_sensored6config7logging5testss_24test_log_context_builder
FN:354,_RNvNtNtNtCs1yu0zy1SNdm_13self_sensored6config7logging5testss_27test_logging_config_default
FN:257,_RNvMs0_NtNtCs1yu0zy1SNdm_13self_sensored6config7loggingNtB5_15LogLevelManager17get_current_level
FN:276,_RNvMs0_NtNtCs1yu0zy1SNdm_13self_sensored6config7loggingNtB5_15LogLevelManager21set_level_from_string
FN:251,_RNvMs0_NtNtCs1yu0zy1SNdm_13self_sensored6config7loggingNtB5_15LogLevelManager3new
FN:261,_RNvMs0_NtNtCs1yu0zy1SNdm_13self_sensored6config7loggingNtB5_15LogLevelManager9set_level
FN:310,_RNvMs1_NtNtCs1yu0zy1SNdm_13self_sensored6config7loggingNtB5_10LogContext12with_user_id
FN:305,_RNvMs1_NtNtCs1yu0zy1SNdm_13self_sensored6config7loggingNtB5_10LogContext15with_request_id
FN:294,_RNvMs1_NtNtCs1yu0zy1SNdm_13self_sensored6config7loggingNtB5_10LogContext3new
FN:231,_RNvNtNtCs1yu0zy1SNdm_13self_sensored6config7logging15parse_log_level
FN:35,_RNvXNtNtCs1yu0zy1SNdm_13self_sensored6config7loggingNtB2_13LoggingConfigNtNtCs1p5UDGgVI4d_4core7default7Default7default
FN:105,_RNCNvMs_NtNtCs1yu0zy1SNdm_13self_sensored6config7loggingNtB6_13LoggingConfig4init0Ba_
FN:56,_RNCNvMs_NtNtCs1yu0zy1SNdm_13self_sensored6config7loggingNtB6_13LoggingConfig8from_env0Ba_
FN:67,_RNCNvMs_NtNtCs1yu0zy1SNdm_13self_sensored6config7loggingNtB6_13LoggingConfig8from_envs0_0Ba_
FN:77,_RNCNvMs_NtNtCs1yu0zy1SNdm_13self_sensored6config7loggingNtB6_13LoggingConfig8from_envs1_0Ba_
FN:78,_RNCNvMs_NtNtCs1yu0zy1SNdm_13self_sensored6config7loggingNtB6_13LoggingConfig8from_envs2_0Ba_
FN:82,_RNCNvMs_NtNtCs1yu0zy1SNdm_13self_sensored6config7loggingNtB6_13LoggingConfig8from_envs3_0Ba_
FN:62,_RNCNvMs_NtNtCs1yu0zy1SNdm_13self_sensored6config7loggingNtB6_13LoggingConfig8from_envs_0Ba_
FN:315,_RNvMs1_NtNtCs1yu0zy1SNdm_13self_sensored6config7loggingNtB5_10LogContext15with_session_id
FN:216,_RNvMs_NtNtCs1yu0zy1SNdm_13self_sensored6config7loggingNtB4_13LoggingConfig16update_log_level
FN:99,_RNvMs_NtNtCs1yu0zy1SNdm_13self_sensored6config7loggingNtB4_13LoggingConfig4init
FN:52,_RNvMs_NtNtCs1yu0zy1SNdm_13self_sensored6config7loggingNtB4_13LoggingConfig8from_env
FNDA:1,_RNvNtNtNtCs1yu0zy1SNdm_13self_sensored6config7logging5testss_20test_parse_log_level
FNDA:1,_RNvNtNtNtCs1yu0zy1SNdm_13self_sensored6config7logging5testss_22test_log_level_manager
FNDA:1,_RNvNtNtNtCs1yu0zy1SNdm_13self_sensored6config7logging5testss_24test_log_context_builder
FNDA:1,_RNvNtNtNtCs1yu0zy1SNdm_13self_sensored6config7logging5testss_27test_logging_config_default
FNDA:3,_RNvMs0_NtNtCs1yu0zy1SNdm_13self_sensored6config7loggingNtB5_15LogLevelManager17get_current_level
FNDA:1,_RNvMs0_NtNtCs1yu0zy1SNdm_13self_sensored6config7loggingNtB5_15LogLevelManager21set_level_from_string
FNDA:1,_RNvMs0_NtNtCs1yu0zy1SNdm_13self_sensored6config7loggingNtB5_15LogLevelManager3new
FNDA:2,_RNvMs0_NtNtCs1yu0zy1SNdm_13self_sensored6config7loggingNtB5_15LogLevelManager9set_level
FNDA:1,_RNvMs1_NtNtCs1yu0zy1SNdm_13self_sensored6config7loggingNtB5_10LogContext12with_user_id
FNDA:1,_RNvMs1_NtNtCs1yu0zy1SNdm_13self_sensored6config7loggingNtB5_10LogContext15with_request_id
FNDA:1,_RNvMs1_NtNtCs1yu0zy1SNdm_13self_sensored6config7loggingNtB5_10LogContext3new
FNDA:7,_RNvNtNtCs1yu0zy1SNdm_13self_sensored6config7logging15parse_log_level
FNDA:1,_RNvXNtNtCs1yu0zy1SNdm_13self_sensored6config7loggingNtB2_13LoggingConfigNtNtCs1p5UDGgVI4d_4core7default7Default7default
FNDA:0,_RNCNvMs_NtNtCs1yu0zy1SNdm_13self_sensored6config7loggingNtB6_13LoggingConfig4init0Ba_
FNDA:0,_RNCNvMs_NtNtCs1yu0zy1SNdm_13self_sensored6config7loggingNtB6_13LoggingConfig8from_env0Ba_
FNDA:0,_RNCNvMs_NtNtCs1yu0zy1SNdm_13self_sensored6config7loggingNtB6_13LoggingConfig8from_envs0_0Ba_
FNDA:0,_RNCNvMs_NtNtCs1yu0zy1SNdm_13self_sensored6config7loggingNtB6_13LoggingConfig8from_envs1_0Ba_
FNDA:0,_RNCNvMs_NtNtCs1yu0zy1SNdm_13self_sensored6config7loggingNtB6_13LoggingConfig8from_envs2_0Ba_
FNDA:0,_RNCNvMs_NtNtCs1yu0zy1SNdm_13self_sensored6config7loggingNtB6_13LoggingConfig8from_envs3_0Ba_
FNDA:0,_RNCNvMs_NtNtCs1yu0zy1SNdm_13self_sensored6config7loggingNtB6_13LoggingConfig8from_envs_0Ba_
FNDA:0,_RNvMs1_NtNtCs1yu0zy1SNdm_13self_sensored6config7loggingNtB5_10LogContext15with_session_id
FNDA:0,_RNvMs_NtNtCs1yu0zy1SNdm_13self_sensored6config7loggingNtB4_13LoggingConfig16update_log_level
FNDA:0,_RNvMs_NtNtCs1yu0zy1SNdm_13self_sensored6config7loggingNtB4_13LoggingConfig4init
FNDA:0,_RNvMs_NtNtCs1yu0zy1SNdm_13self_sensored6config7loggingNtB4_13LoggingConfig8from_env
FNF:24
FNH:13
DA:35,1
DA:36,1
DA:37,1
DA:38,1
DA:39,1
DA:40,1
DA:41,1
DA:42,1
DA:43,1
DA:44,1
DA:45,1
DA:46,1
DA:47,1
DA:52,0
DA:53,0
DA:56,0
DA:57,0
DA:58,0
DA:61,0
DA:62,0
DA:63,0
DA:66,0
DA:67,0
DA:68,0
DA:71,0
DA:72,0
DA:73,0
DA:76,0
DA:77,0
DA:78,0
DA:81,0
DA:82,0
DA:83,0
DA:86,0
DA:87,0
DA:88,0
DA:91,0
DA:92,0
DA:93,0
DA:95,0
DA:96,0
DA:99,0
DA:101,0
DA:102,0
DA:103,0
DA:105,0
DA:107,0
DA:108,0
DA:109,0
DA:110,0
DA:113,0
DA:114,0
DA:117,0
DA:118,0
DA:119,0
DA:120,0
DA:121,0
DA:123,0
DA:124,0
DA:126,0
DA:129,0
DA:131,0
DA:132,0
DA:133,0
DA:134,0
DA:135,0
DA:136,0
DA:137,0
DA:138,0
DA:139,0
DA:140,0
DA:141,0
DA:142,0
DA:143,0
DA:145,0
DA:146,0
DA:147,0
DA:148,0
DA:149,0
DA:150,0
DA:151,0
DA:152,0
DA:153,0
DA:154,0
DA:155,0
DA:156,0
DA:157,0
DA:158,0
DA:159,0
DA:160,0
DA:161,0
DA:162,0
DA:163,0
DA:164,0
DA:165,0
DA:166,0
DA:167,0
DA:168,0
DA:169,0
DA:170,0
DA:171,0
DA:172,0
DA:173,0
DA:174,0
DA:175,0
DA:176,0
DA:177,0
DA:178,0
DA:179,0
DA:180,0
DA:181,0
DA:182,0
DA:183,0
DA:184,0
DA:185,0
DA:186,0
DA:187,0
DA:188,0
DA:189,0
DA:190,0
DA:191,0
DA:192,0
DA:193,0
DA:194,0
DA:195,0
DA:196,0
DA:197,0
DA:198,0
DA:199,0
DA:200,0
DA:201,0
DA:202,0
DA:203,0
DA:206,0
DA:212,0
DA:213,0
DA:216,0
DA:217,0
DA:218,0
DA:227,0
DA:231,7
DA:232,7
DA:233,7
DA:234,6
DA:235,5
DA:236,4
DA:237,3
DA:239,1
DA:240,1
DA:243,7
DA:251,1
DA:252,1
DA:253,1
DA:254,1
DA:255,1
DA:257,3
DA:258,3
DA:259,3
DA:261,2
DA:262,2
DA:263,2
DA:265,2
DA:269,0
DA:273,2
DA:274,2
DA:276,1
DA:277,1
DA:278,1
DA:279,1
DA:294,1
DA:295,1
DA:296,1
DA:297,1
DA:298,1
DA:299,1
DA:300,1
DA:301,1
DA:302,1
DA:303,1
DA:305,1
DA:306,1
DA:307,1
DA:308,1
DA:310,1
DA:311,1
DA:312,1
DA:313,1
DA:315,0
DA:316,0
DA:317,0
DA:318,0
DA:344,1
DA:345,1
DA:346,1
DA:347,1
DA:348,1
DA:349,1
DA:350,1
DA:351,1
DA:354,1
DA:355,1
DA:356,1
DA:357,1
DA:358,1
DA:359,1
DA:360,1
DA:361,1
DA:364,1
DA:365,1
DA:366,1
DA:368,1
DA:369,1
DA:371,1
DA:372,1
DA:373,1
DA:376,1
DA:377,1
DA:378,1
DA:379,1
DA:381,1
DA:382,1
DA:383,1
DA:384,1
DA:385,1
DA:386,1
DA:387,1
BRF:0
BRH:0
LF:233
LH:94
end_of_record
SF:/mnt/datadrive_m2/self-sensored/src/config/validation_config.rs
FN:204,_RNCNvMs_NtNtCs1yu0zy1SNdm_13self_sensored6config17validation_configNtB6_16ValidationConfig8from_env0Ba_
FN:214,_RNCNvMs_NtNtCs1yu0zy1SNdm_13self_sensored6config17validation_configNtB6_16ValidationConfig8from_envs0_0Ba_
FN:484,_RNCNvMs_NtNtCs1yu0zy1SNdm_13self_sensored6config17validation_configNtB6_16ValidationConfig8from_envs10_0Ba_
FN:488,_RNCNvMs_NtNtCs1yu0zy1SNdm_13self_sensored6config17validation_configNtB6_16ValidationConfig8from_envs11_0Ba_
FN:492,_RNCNvMs_NtNtCs1yu0zy1SNdm_13self_sensored6config17validation_configNtB6_16ValidationConfig8from_envs12_0Ba_
FN:496,_RNCNvMs_NtNtCs1yu0zy1SNdm_13self_sensored6config17validation_configNtB6_16ValidationConfig8from_envs13_0Ba_
FN:218,_RNCNvMs_NtNtCs1yu0zy1SNdm_13self_sensored6config17validation_configNtB6_16ValidationConfig8from_envs1_0Ba_
FN:222,_RNCNvMs_NtNtCs1yu0zy1SNdm_13self_sensored6config17validation_configNtB6_16ValidationConfig8from_envs2_0Ba_
FN:226,_RNCNvMs_NtNtCs1yu0zy1SNdm_13self_sensored6config17validation_configNtB6_16ValidationConfig8from_envs3_0Ba_
FN:232,_RNCNvMs_NtNtCs1yu0zy1SNdm_13self_sensored6config17validation_configNtB6_16ValidationConfig8from_envs4_0Ba_
FN:236,_RNCNvMs_NtNtCs1yu0zy1SNdm_13self_sensored6config17validation_configNtB6_16ValidationConfig8from_envs5_0Ba_
FN:242,_RNCNvMs_NtNtCs1yu0zy1SNdm_13self_sensored6config17validation_configNtB6_16ValidationConfig8from_envs6_0Ba_
FN:248,_RNCNvMs_NtNtCs1yu0zy1SNdm_13self_sensored6config17validation_configNtB6_16ValidationConfig8from_envs7_0Ba_
FN:252,_RNCNvMs_NtNtCs1yu0zy1SNdm_13self_sensored6config17validation_configNtB6_16ValidationConfig8from_envs8_0Ba_
FN:256,_RNCNvMs_NtNtCs1yu0zy1SNdm_13self_sensored6config17validation_configNtB6_16ValidationConfig8from_envs9_0Ba_
FN:374,_RNCNvMs_NtNtCs1yu0zy1SNdm_13self_sensored6config17validation_configNtB6_16ValidationConfig8from_envsA_0Ba_
FN:378,_RNCNvMs_NtNtCs1yu0zy1SNdm_13self_sensored6config17validation_configNtB6_16ValidationConfig8from_envsB_0Ba_
FN:382,_RNCNvMs_NtNtCs1yu0zy1SNdm_13self_sensored6config17validation_configNtB6_16ValidationConfig8from_envsC_0Ba_
FN:386,_RNCNvMs_NtNtCs1yu0zy1SNdm_13self_sensored6config17validation_configNtB6_16ValidationConfig8from_envsD_0Ba_
FN:390,_RNCNvMs_NtNtCs1yu0zy1SNdm_13self_sensored6config17validation_configNtB6_16ValidationConfig8from_envsE_0Ba_
FN:394,_RNCNvMs_NtNtCs1yu0zy1SNdm_13self_sensored6config17validation_configNtB6_16ValidationConfig8from_envsF_0Ba_
FN:400,_RNCNvMs_NtNtCs1yu0zy1SNdm_13self_sensored6config17validation_configNtB6_16ValidationConfig8from_envsG_0Ba_
FN:404,_RNCNvMs_NtNtCs1yu0zy1SNdm_13self_sensored6config17validation_configNtB6_16ValidationConfig8from_envsH_0Ba_
FN:408,_RNCNvMs_NtNtCs1yu0zy1SNdm_13self_sensored6config17validation_configNtB6_16ValidationConfig8from_envsI_0Ba_
FN:412,_RNCNvMs_NtNtCs1yu0zy1SNdm_13self_sensored6config17validation_configNtB6_16ValidationConfig8from_envsJ_0Ba_
FN:416,_RNCNvMs_NtNtCs1yu0zy1SNdm_13self_sensored6config17validation_configNtB6_16ValidationConfig8from_envsK_0Ba_
FN:420,_RNCNvMs_NtNtCs1yu0zy1SNdm_13self_sensored6config17validation_configNtB6_16ValidationConfig8from_envsL_0Ba_
FN:424,_RNCNvMs_NtNtCs1yu0zy1SNdm_13self_sensored6config17validation_configNtB6_16ValidationConfig8from_envsM_0Ba_
FN:428,_RNCNvMs_NtNtCs1yu0zy1SNdm_13self_sensored6config17validation_configNtB6_16ValidationConfig8from_envsN_0Ba_
FN:434,_RNCNvMs_NtNtCs1yu0zy1SNdm_13self_sensored6config17validation_configNtB6_16ValidationConfig8from_envsO_0Ba_
FN:438,_RNCNvMs_NtNtCs1yu0zy1SNdm_13self_sensored6config17validation_configNtB6_16ValidationConfig8from_envsP_0Ba_
FN:442,_RNCNvMs_NtNtCs1yu0zy1SNdm_13self_sensored6config17validation_configNtB6_16ValidationConfig8from_envsQ_0Ba_
FN:446,_RNCNvMs_NtNtCs1yu0zy1SNdm_13self_sensored6config17validation_configNtB6_16ValidationConfig8from_envsR_0Ba_
FN:450,_RNCNvMs_NtNtCs1yu0zy1SNdm_13self_sensored6config17validation_configNtB6_16ValidationConfig8from_envsS_0Ba_
FN:454,_RNCNvMs_NtNtCs1yu0zy1SNdm_13self_sensored6config17validation_configNtB6_16ValidationConfig8from_envsT_0Ba_
FN:458,_RNCNvMs_NtNtCs1yu0zy1SNdm_13self_sensored6config17validation_configNtB6_16ValidationConfig8from_envsU_0Ba_
FN:462,_RNCNvMs_NtNtCs1yu0zy1SNdm_13self_sensored6config17validation_configNtB6_16ValidationConfig8from_envsV_0Ba_
FN:468,_RNCNvMs_NtNtCs1yu0zy1SNdm_13self_sensored6config17validation_configNtB6_16ValidationConfig8from_envsW_0Ba_
FN:472,_RNCNvMs_NtNtCs1yu0zy1SNdm_13self_sensored6config17validation_configNtB6_16ValidationConfig8from_envsX_0Ba_
FN:476,_RNCNvMs_NtNtCs1yu0zy1SNdm_13self_sensored6config17validation_configNtB6_16ValidationConfig8from_envsY_0Ba_
FN:480,_RNCNvMs_NtNtCs1yu0zy1SNdm_13self_sensored6config17validation_configNtB6_16ValidationConfig8from_envsZ_0Ba_
FN:208,_RNCNvMs_NtNtCs1yu0zy1SNdm_13self_sensored6config17validation_configNtB6_16ValidationConfig8from_envs_0Ba_
FN:260,_RNCNvMs_NtNtCs1yu0zy1SNdm_13self_sensored6config17validation_configNtB6_16ValidationConfig8from_envsa_0Ba_
FN:266,_RNCNvMs_NtNtCs1yu0zy1SNdm_13self_sensored6config17validation_configNtB6_16ValidationConfig8from_envsb_0Ba_
FN:270,_RNCNvMs_NtNtCs1yu0zy1SNdm_13self_sensored6config17validation_configNtB6_16ValidationConfig8from_envsc_0Ba_
FN:274,_RNCNvMs_NtNtCs1yu0zy1SNdm_13self_sensored6config17validation_configNtB6_16ValidationConfig8from_envsd_0Ba_
FN:278,_RNCNvMs_NtNtCs1yu0zy1SNdm_13self_sensored6config17validation_configNtB6_16ValidationConfig8from_envse_0Ba_
FN:284,_RNCNvMs_NtNtCs1yu0zy1SNdm_13self_sensored6config17validation_configNtB6_16ValidationConfig8from_envsf_0Ba_
FN:288,_RNCNvMs_NtNtCs1yu0zy1SNdm_13self_sensored6config17validation_configNtB6_16ValidationConfig8from_envsg_0Ba_
FN:292,_RNCNvMs_NtNtCs1yu0zy1SNdm_13self_sensored6config17validation_configNtB6_16ValidationConfig8from_envsh_0Ba_
FN:298,_RNCNvMs_NtNtCs1yu0zy1SNdm_13self_sensored6config17validation_configNtB6_16ValidationConfig8from_envsi_0Ba_
FN:302,_RNCNvMs_NtNtCs1yu0zy1SNdm_13self_sensored6config17validation_configNtB6_16ValidationConfig8from_envsj_0Ba_
FN:306,_RNCNvMs_NtNtCs1yu0zy1SNdm_13self_sensored6config17validation_configNtB6_16ValidationConfig8from_envsk_0Ba_
FN:312,_RNCNvMs_NtNtCs1yu0zy1SNdm_13self_sensored6config17validation_configNtB6_16ValidationConfig8from_envsl_0Ba_
FN:316,_RNCNvMs_NtNtCs1yu0zy1SNdm_13self_sensored6config17validation_configNtB6_16ValidationConfig8from_envsm_0Ba_
FN:320,_RNCNvMs_NtNtCs1yu0zy1SNdm_13self_sensored6config17validation_configNtB6_16ValidationConfig8from_envsn_0Ba_
FN:324,_RNCNvMs_NtNtCs1yu0zy1SNdm_13self_sensored6config17validation_configNtB6_16ValidationConfig8from_envso_0Ba_
FN:328,_RNCNvMs_NtNtCs1yu0zy1SNdm_13self_sensored6config17validation_configNtB6_16ValidationConfig8from_envsp_0Ba_
FN:332,_RNCNvMs_NtNtCs1yu0zy1SNdm_13self_sensored6config17validation_configNtB6_16ValidationConfig8from_envsq_0Ba_
FN:336,_RNCNvMs_NtNtCs1yu0zy1SNdm_13self_sensored6config17validation_configNtB6_16ValidationConfig8from_envsr_0Ba_
FN:340,_RNCNvMs_NtNtCs1yu0zy1SNdm_13self_sensored6config17validation_configNtB6_16ValidationConfig8from_envss_0Ba_
FN:344,_RNCNvMs_NtNtCs1yu0zy1SNdm_13self_sensored6config17validation_configNtB6_16ValidationConfig8from_envst_0Ba_
FN:348,_RNCNvMs_NtNtCs1yu0zy1SNdm_13self_sensored6config17validation_configNtB6_16ValidationConfig8from_envsu_0Ba_
FN:352,_RNCNvMs_NtNtCs1yu0zy1SNdm_13self_sensored6config17validation_configNtB6_16ValidationConfig8from_envsv_0Ba_
FN:356,_RNCNvMs_NtNtCs1yu0zy1SNdm_13self_sensored6config17validation_configNtB6_16ValidationConfig8from_envsw_0Ba_
FN:362,_RNCNvMs_NtNtCs1yu0zy1SNdm_13self_sensored6config17validation_configNtB6_16ValidationConfig8from_envsx_0Ba_
FN:366,_RNCNvMs_NtNtCs1yu0zy1SNdm_13self_sensored6config17validation_configNtB6_16ValidationConfig8from_envsy_0Ba_
FN:370,_RNCNvMs_NtNtCs1yu0zy1SNdm_13self_sensored6config17validation_configNtB6_16ValidationConfig8from_envsz_0Ba_
FN:199,_RNvMs_NtNtCs1yu0zy1SNdm_13self_sensored6config17validation_configNtB4_16ValidationConfig8from_env
FN:502,_RNvMs_NtNtCs1yu0zy1SNdm_13self_sensored6config17validation_configNtB4_16ValidationConfig8validate
FN:100,_RNvXNtNtCs1yu0zy1SNdm_13self_sensored6config17validation_configNtB2_16ValidationConfigNtNtCs1p5UDGgVI4d_4core7default7Default7default
FNDA:0,_RNCNvMs_NtNtCs1yu0zy1SNdm_13self_sensored6config17validation_configNtB6_16ValidationConfig8from_env0Ba_
FNDA:0,_RNCNvMs_NtNtCs1yu0zy1SNdm_13self_sensored6config17validation_configNtB6_16ValidationConfig8from_envs0_0Ba_
FNDA:0,_RNCNvMs_NtNtCs1yu0zy1SNdm_13self_sensored6config17validation_configNtB6_16ValidationConfig8from_envs10_0Ba_
FNDA:0,_RNCNvMs_NtNtCs1yu0zy1SNdm_13self_sensored6config17validation_configNtB6_16ValidationConfig8from_envs11_0Ba_
FNDA:0,_RNCNvMs_NtNtCs1yu0zy1SNdm_13self_sensored6config17validation_configNtB6_16ValidationConfig8from_envs12_0Ba_
FNDA:0,_RNCNvMs_NtNtCs1yu0zy1SNdm_13self_sensored6config17validation_configNtB6_16ValidationConfig8from_envs13_0Ba_
FNDA:0,_RNCNvMs_NtNtCs1yu0zy1SNdm_13self_sensored6config17validation_configNtB6_16ValidationConfig8from_envs1_0Ba_
FNDA:0,_RNCNvMs_NtNtCs1yu0zy1SNdm_13self_sensored6config17validation_configNtB6_16ValidationConfig8from_envs2_0Ba_
FNDA:0,_RNCNvMs_NtNtCs1yu0zy1SNdm_13self_sensored6config17validation_configNtB6_16ValidationConfig8from_envs3_0Ba_
FNDA:0,_RNCNvMs_NtNtCs1yu0zy1SNdm_13self_sensored6config17validation_configNtB6_16ValidationConfig8from_envs4_0Ba_
FNDA:0,_RNCNvMs_NtNtCs1yu0zy1SNdm_13self_sensored6config17validation_configNtB6_16ValidationConfig8from_envs5_0Ba_
FNDA:0,_RNCNvMs_NtNtCs1yu0zy1SNdm_13self_sensored6config17validation_configNtB6_16ValidationConfig8from_envs6_0Ba_
FNDA:0,_RNCNvMs_NtNtCs1yu0zy1SNdm_13self_sensored6config17validation_configNtB6_16ValidationConfig8from_envs7_0Ba_
FNDA:0,_RNCNvMs_NtNtCs1yu0zy1SNdm_13self_sensored6config17validation_configNtB6_16ValidationConfig8from_envs8_0Ba_
FNDA:0,_RNCNvMs_NtNtCs1yu0zy1SNdm_13self_sensored6config17validation_configNtB6_16ValidationConfig8from_envs9_0Ba_
FNDA:0,_RNCNvMs_NtNtCs1yu0zy1SNdm_13self_sensored6config17validation_configNtB6_16ValidationConfig8from_envsA_0Ba_
FNDA:0,_RNCNvMs_NtNtCs1yu0zy1SNdm_13self_sensored6config17validation_configNtB6_16ValidationConfig8from_envsB_0Ba_
FNDA:0,_RNCNvMs_NtNtCs1yu0zy1SNdm_13self_sensored6config17validation_configNtB6_16ValidationConfig8from_envsC_0Ba_
FNDA:0,_RNCNvMs_NtNtCs1yu0zy1SNdm_13self_sensored6config17validation_configNtB6_16ValidationConfig8from_envsD_0Ba_
FNDA:0,_RNCNvMs_NtNtCs1yu0zy1SNdm_13self_sensored6config17validation_configNtB6_16ValidationConfig8from_envsE_0Ba_
FNDA:0,_RNCNvMs_NtNtCs1yu0zy1SNdm_13self_sensored6config17validation_configNtB6_16ValidationConfig8from_envsF_0Ba_
FNDA:0,_RNCNvMs_NtNtCs1yu0zy1SNdm_13self_sensored6config17validation_configNtB6_16ValidationConfig8from_envsG_0Ba_
FNDA:0,_RNCNvMs_NtNtCs1yu0zy1SNdm_13self_sensored6config17validation_configNtB6_16ValidationConfig8from_envsH_0Ba_
FNDA:0,_RNCNvMs_NtNtCs1yu0zy1SNdm_13self_sensored6config17validation_configNtB6_16ValidationConfig8from_envsI_0Ba_
FNDA:0,_RNCNvMs_NtNtCs1yu0zy1SNdm_13self_sensored6config17validation_configNtB6_16ValidationConfig8from_envsJ_0Ba_
FNDA:0,_RNCNvMs_NtNtCs1yu0zy1SNdm_13self_sensored6config17validation_configNtB6_16ValidationConfig8from_envsK_0Ba_
FNDA:0,_RNCNvMs_NtNtCs1yu0zy1SNdm_13self_sensored6config17validation_configNtB6_16ValidationConfig8from_envsL_0Ba_
FNDA:0,_RNCNvMs_NtNtCs1yu0zy1SNdm_13self_sensored6config17validation_configNtB6_16ValidationConfig8from_envsM_0Ba_
FNDA:0,_RNCNvMs_NtNtCs1yu0zy1SNdm_13self_sensored6config17validation_configNtB6_16ValidationConfig8from_envsN_0Ba_
FNDA:0,_RNCNvMs_NtNtCs1yu0zy1SNdm_13self_sensored6config17validation_configNtB6_16ValidationConfig8from_envsO_0Ba_
FNDA:0,_RNCNvMs_NtNtCs1yu0zy1SNdm_13self_sensored6config17validation_configNtB6_16ValidationConfig8from_envsP_0Ba_
FNDA:0,_RNCNvMs_NtNtCs1yu0zy1SNdm_13self_sensored6config17validation_configNtB6_16ValidationConfig8from_envsQ_0Ba_
FNDA:0,_RNCNvMs_NtNtCs1yu0zy1SNdm_13self_sensored6config17validation_configNtB6_16ValidationConfig8from_envsR_0Ba_
FNDA:0,_RNCNvMs_NtNtCs1yu0zy1SNdm_13self_sensored6config17validation_configNtB6_16ValidationConfig8from_envsS_0Ba_
FNDA:0,_RNCNvMs_NtNtCs1yu0zy1SNdm_13self_sensored6config17validation_configNtB6_16ValidationConfig8from_envsT_0Ba_
FNDA:0,_RNCNvMs_NtNtCs1yu0zy1SNdm_13self_sensored6config17validation_configNtB6_16ValidationConfig8from_envsU_0Ba_
FNDA:0,_RNCNvMs_NtNtCs1yu0zy1SNdm_13self_sensored6config17validation_configNtB6_16ValidationConfig8from_envsV_0Ba_
FNDA:0,_RNCNvMs_NtNtCs1yu0zy1SNdm_13self_sensored6config17validation_configNtB6_16ValidationConfig8from_envsW_0Ba_
FNDA:0,_RNCNvMs_NtNtCs1yu0zy1SNdm_13self_sensored6config17validation_configNtB6_16ValidationConfig8from_envsX_0Ba_
FNDA:0,_RNCNvMs_NtNtCs1yu0zy1SNdm_13self_sensored6config17validation_configNtB6_16ValidationConfig8from_envsY_0Ba_
FNDA:0,_RNCNvMs_NtNtCs1yu0zy1SNdm_13self_sensored6config17validation_configNtB6_16ValidationConfig8from_envsZ_0Ba_
FNDA:0,_RNCNvMs_NtNtCs1yu0zy1SNdm_13self_sensored6config17validation_configNtB6_16ValidationConfig8from_envs_0Ba_
FNDA:0,_RNCNvMs_NtNtCs1yu0zy1SNdm_13self_sensored6config17validation_configNtB6_16ValidationConfig8from_envsa_0Ba_
FNDA:0,_RNCNvMs_NtNtCs1yu0zy1SNdm_13self_sensored6config17validation_configNtB6_16ValidationConfig8from_envsb_0Ba_
FNDA:0,_RNCNvMs_NtNtCs1yu0zy1SNdm_13self_sensored6config17validation_configNtB6_16ValidationConfig8from_envsc_0Ba_
FNDA:0,_RNCNvMs_NtNtCs1yu0zy1SNdm_13self_sensored6config17validation_configNtB6_16ValidationConfig8from_envsd_0Ba_
FNDA:0,_RNCNvMs_NtNtCs1yu0zy1SNdm_13self_sensored6config17validation_configNtB6_16ValidationConfig8from_envse_0Ba_
FNDA:0,_RNCNvMs_NtNtCs1yu0zy1SNdm_13self_sensored6config17validation_configNtB6_16ValidationConfig8from_envsf_0Ba_
FNDA:0,_RNCNvMs_NtNtCs1yu0zy1SNdm_13self_sensored6config17validation_configNtB6_16ValidationConfig8from_envsg_0Ba_
FNDA:0,_RNCNvMs_NtNtCs1yu0zy1SNdm_13self_sensored6config17validation_configNtB6_16ValidationConfig8from_envsh_0Ba_
FNDA:0,_RNCNvMs_NtNtCs1yu0zy1SNdm_13self_sensored6config17validation_configNtB6_16ValidationConfig8from_envsi_0Ba_
FNDA:0,_RNCNvMs_NtNtCs1yu0zy1SNdm_13self_sensored6config17validation_configNtB6_16ValidationConfig8from_envsj_0Ba_
FNDA:0,_RNCNvMs_NtNtCs1yu0zy1SNdm_13self_sensored6config17validation_configNtB6_16ValidationConfig8from_envsk_0Ba_
FNDA:0,_RNCNvMs_NtNtCs1yu0zy1SNdm_13self_sensored6config17validation_configNtB6_16ValidationConfig8from_envsl_0Ba_
FNDA:0,_RNCNvMs_NtNtCs1yu0zy1SNdm_13self_sensored6config17validation_configNtB6_16ValidationConfig8from_envsm_0Ba_
FNDA:0,_RNCNvMs_NtNtCs1yu0zy1SNdm_13self_sensored6config17validation_configNtB6_16ValidationConfig8from_envsn_0Ba_
FNDA:0,_RNCNvMs_NtNtCs1yu0zy1SNdm_13self_sensored6config17validation_configNtB6_16ValidationConfig8from_envso_0Ba_
FNDA:0,_RNCNvMs_NtNtCs1yu0zy1SNdm_13self_sensored6config17validation_configNtB6_16ValidationConfig8from_envsp_0Ba_
FNDA:0,_RNCNvMs_NtNtCs1yu0zy1SNdm_13self_sensored6config17validation_configNtB6_16ValidationConfig8from_envsq_0Ba_
FNDA:0,_RNCNvMs_NtNtCs1yu0zy1SNdm_13self_sensored6config17validation_configNtB6_16ValidationConfig8from_envsr_0Ba_
FNDA:0,_RNCNvMs_NtNtCs1yu0zy1SNdm_13self_sensored6config17validation_configNtB6_16ValidationConfig8from_envss_0Ba_
FNDA:0,_RNCNvMs_NtNtCs1yu0zy1SNdm_13self_sensored6config17validation_configNtB6_16ValidationConfig8from_envst_0Ba_
FNDA:0,_RNCNvMs_NtNtCs1yu0zy1SNdm_13self_sensored6config17validation_configNtB6_16ValidationConfig8from_envsu_0Ba_
FNDA:0,_RNCNvMs_NtNtCs1yu0zy1SNdm_13self_sensored6config17validation_configNtB6_16ValidationConfig8from_envsv_0Ba_
FNDA:0,_RNCNvMs_NtNtCs1yu0zy1SNdm_13self_sensored6config17validation_configNtB6_16ValidationConfig8from_envsw_0Ba_
FNDA:0,_RNCNvMs_NtNtCs1yu0zy1SNdm_13self_sensored6config17validation_configNtB6_16ValidationConfig8from_envsx_0Ba_
FNDA:0,_RNCNvMs_NtNtCs1yu0zy1SNdm_13self_sensored6config17validation_configNtB6_16ValidationConfig8from_envsy_0Ba_
FNDA:0,_RNCNvMs_NtNtCs1yu0zy1SNdm_13self_sensored6config17validation_configNtB6_16ValidationConfig8from_envsz_0Ba_
FNDA:0,_RNvMs_NtNtCs1yu0zy1SNdm_13self_sensored6config17validation_configNtB4_16ValidationConfig8from_env
FNDA:0,_RNvMs_NtNtCs1yu0zy1SNdm_13self_sensored6config17validation_configNtB4_16ValidationConfig8validate
FNDA:0,_RNvXNtNtCs1yu0zy1SNdm_13self_sensored6config17validation_configNtB2_16ValidationConfigNtNtCs1p5UDGgVI4d_4core7default7Default7default
FNF:71
FNH:0
DA:100,0
DA:101,0
DA:102,0
DA:103,0
DA:104,0
DA:105,0
DA:106,0
DA:107,0
DA:108,0
DA:109,0
DA:110,0
DA:111,0
DA:112,0
DA:113,0
DA:114,0
DA:115,0
DA:116,0
DA:117,0
DA:118,0
DA:119,0
DA:120,0
DA:121,0
DA:122,0
DA:123,0
DA:124,0
DA:125,0
DA:126,0
DA:127,0
DA:128,0
DA:129,0
DA:130,0
DA:131,0
DA:132,0
DA:133,0
DA:134,0
DA:135,0
DA:136,0
DA:137,0
DA:138,0
DA:139,0
DA:140,0
DA:141,0
DA:142,0
DA:143,0
DA:144,0
DA:145,0
DA:146,0
DA:147,0
DA:148,0
DA:149,0
DA:150,0
DA:151,0
DA:152,0
DA:153,0
DA:154,0
DA:155,0
DA:156,0
DA:157,0
DA:158,0
DA:159,0
DA:160,0
DA:161,0
DA:162,0
DA:163,0
DA:164,0
DA:165,0
DA:166,0
DA:167,0
DA:168,0
DA:169,0
DA:170,0
DA:171,0
DA:172,0
DA:173,0
DA:174,0
DA:175,0
DA:176,0
DA:177,0
DA:178,0
DA:179,0
DA:180,0
DA:181,0
DA:182,0
DA:183,0
DA:184,0
DA:185,0
DA:186,0
DA:187,0
DA:188,0
DA:189,0
DA:190,0
DA:191,0
DA:192,0
DA:193,0
DA:194,0
DA:199,0
DA:202,0
DA:203,0
DA:204,0
DA:205,0
DA:206,0
DA:207,0
DA:208,0
DA:209,0
DA:212,0
DA:213,0
DA:214,0
DA:215,0
DA:216,0
DA:217,0
DA:218,0
DA:219,0
DA:220,0
DA:221,0
DA:222,0
DA:223,0
DA:224,0
DA:225,0
DA:226,0
DA:227,0
DA:230,0
DA:231,0
DA:232,0
DA:233,0
DA:234,0
DA:235,0
DA:236,0
DA:237,0
DA:238,0
DA:241,0
DA:242,0
DA:243,0
DA:246,0
DA:247,0
DA:248,0
DA:249,0
DA:250,0
DA:251,0
DA:252,0
DA:253,0
DA:254,0
DA:255,0
DA:256,0
DA:257,0
DA:258,0
DA:259,0
DA:260,0
DA:261,0
DA:264,0
DA:265,0
DA:266,0
DA:267,0
DA:268,0
DA:269,0
DA:270,0
DA:271,0
DA:272,0
DA:273,0
DA:274,0
DA:275,0
DA:276,0
DA:277,0
DA:278,0
DA:279,0
DA:282,0
DA:283,0
DA:284,0
DA:285,0
DA:286,0
DA:287,0
DA:288,0
DA:289,0
DA:290,0
DA:291,0
DA:292,0
DA:293,0
DA:296,0
DA:297,0
DA:298,0
DA:299,0
DA:300,0
DA:301,0
DA:302,0
DA:303,0
DA:304,0
DA:305,0
DA:306,0
DA:307,0
DA:310,0
DA:311,0
DA:312,0
DA:313,0
DA:314,0
DA:315,0
DA:316,0
DA:317,0
DA:318,0
DA:319,0
DA:320,0
DA:321,0
DA:322,0
DA:323,0
DA:324,0
DA:325,0
DA:326,0
DA:327,0
DA:328,0
DA:329,0
DA:330,0
DA:331,0
DA:332,0
DA:333,0
DA:334,0
DA:335,0
DA:336,0
DA:337,0
DA:338,0
DA:339,0
DA:340,0
DA:341,0
DA:342,0
DA:343,0
DA:344,0
DA:345,0
DA:346,0
DA:347,0
DA:348,0
DA:349,0
DA:350,0
DA:351,0
DA:352,0
DA:353,0
DA:354,0
DA:355,0
DA:356,0
DA:357,0
DA:360,0
DA:361,0
DA:362,0
DA:363,0
DA:364,0
DA:365,0
DA:366,0
DA:367,0
DA:368,0
DA:369,0
DA:370,0
DA:371,0
DA:372,0
DA:373,0
DA:374,0
DA:375,0
DA:376,0
DA:377,0
DA:378,0
DA:379,0
DA:380,0
DA:381,0
DA:382,0
DA:383,0
DA:384,0
DA:385,0
DA:386,0
DA:387,0
DA:388,0
DA:389,0
DA:390,0
DA:391,0
DA:392,0
DA:393,0
DA:394,0
DA:395,0
DA:398,0
DA:399,0
DA:400,0
DA:401,0
DA:402,0
DA:403,0
DA:404,0
DA:405,0
DA:406,0
DA:407,0
DA:408,0
DA:409,0
DA:410,0
DA:411,0
DA:412,0
DA:413,0
DA:414,0
DA:415,0
DA:416,0
DA:417,0
DA:418,0
DA:419,0
DA:420,0
DA:421,0
DA:422,0
DA:423,0
DA:424,0
DA:425,0
DA:426,0
DA:427,0
DA:428,0
DA:429,0
DA:432,0
DA:433,0
DA:434,0
DA:435,0
DA:436,0
DA:437,0
DA:438,0
DA:439,0
DA:440,0
DA:441,0
DA:442,0
DA:443,0
DA:444,0
DA:445,0
DA:446,0
DA:447,0
DA:448,0
DA:449,0
DA:450,0
DA:451,0
DA:452,0
DA:453,0
DA:454,0
DA:455,0
DA:456,0
DA:457,0
DA:458,0
DA:459,0
DA:460,0
DA:461,0
DA:462,0
DA:463,0
DA:466,0
DA:467,0
DA:468,0
DA:469,0
DA:470,0
DA:471,0
DA:472,0
DA:473,0
DA:474,0
DA:475,0
DA:476,0
DA:477,0
DA:478,0
DA:479,0
DA:480,0
DA:481,0
DA:482,0
DA:483,0
DA:484,0
DA:485,0
DA:486,0
DA:487,0
DA:488,0
DA:489,0
DA:490,0
DA:491,0
DA:492,0
DA:493,0
DA:494,0
DA:495,0
DA:496,0
DA:497,0
DA:499,0
DA:502,0
DA:503,0
DA:504,0
DA:505,0
DA:507,0
DA:508,0
DA:509,0
DA:511,0
DA:512,0
DA:513,0
DA:515,0
DA:516,0
DA:517,0
DA:519,0
DA:520,0
DA:521,0
DA:523,0
DA:524,0
DA:525,0
DA:527,0
DA:528,0
DA:529,0
DA:531,0
DA:532,0
DA:533,0
DA:534,0
DA:535,0
DA:538,0
DA:539,0
DA:540,0
DA:542,0
DA:543,0
DA:544,0
DA:545,0
DA:546,0
DA:547,0
DA:549,0
DA:550,0
DA:551,0
DA:552,0
DA:553,0
DA:555,0
DA:556,0
DA:557,0
DA:558,0
DA:559,0
DA:562,0
DA:563,0
DA:564,0
DA:566,0
DA:567,0
DA:568,0
DA:570,0
DA:571,0
DA:572,0
DA:574,0
DA:575,0
DA:576,0
DA:577,0
DA:578,0
DA:579,0
DA:582,0
DA:583,0
DA:584,0
DA:586,0
DA:587,0
DA:588,0
DA:591,0
DA:592,0
DA:593,0
DA:594,0
DA:595,0
DA:597,0
DA:598,0
DA:599,0
DA:601,0
DA:602,0
DA:603,0
DA:604,0
DA:605,0
DA:606,0
DA:608,0
DA:609,0
DA:610,0
DA:613,0
DA:614,0
DA:615,0
DA:616,0
DA:617,0
DA:619,0
DA:620,0
DA:621,0
DA:623,0
DA:624,0
DA:625,0
DA:627,0
DA:628,0
DA:629,0
DA:630,0
DA:631,0
DA:633,0
DA:634,0
BRF:0
BRH:0
LF:539
LH:0
end_of_record
SF:/mnt/datadrive_m2/self-sensored/src/db/database.rs
FN:11,_RNCNCNvNtNtCs1yu0zy1SNdm_13self_sensored2db8database22create_connection_pool00B9_
FN:21,_RNCNCNvNtNtCs1yu0zy1SNdm_13self_sensored2db8database22create_connection_pool0s0_0B9_
FN:26,_RNCNCNvNtNtCs1yu0zy1SNdm_13self_sensored2db8database22create_connection_pool0s1_0B9_
FN:31,_RNCNCNvNtNtCs1yu0zy1SNdm_13self_sensored2db8database22create_connection_pool0s2_0B9_
FN:37,_RNCNCNvNtNtCs1yu0zy1SNdm_13self_sensored2db8database22create_connection_pool0s3_0B9_
FN:16,_RNCNCNvNtNtCs1yu0zy1SNdm_13self_sensored2db8database22create_connection_pool0s_0B9_
FN:7,_RNCNvNtNtCs1yu0zy1SNdm_13self_sensored2db8database22create_connection_pool0B7_
FN:68,_RNCNvNtNtCs1yu0zy1SNdm_13self_sensored2db8database24test_database_connection0B7_
FN:7,_RNvNtNtCs1yu0zy1SNdm_13self_sensored2db8database22create_connection_pool
FN:108,_RNvNtNtCs1yu0zy1SNdm_13self_sensored2db8database22update_db_pool_metrics
FN:68,_RNvNtNtCs1yu0zy1SNdm_13self_sensored2db8database24test_database_connection
FNDA:0,_RNCNCNvNtNtCs1yu0zy1SNdm_13self_sensored2db8database22create_connection_pool00B9_
FNDA:0,_RNCNCNvNtNtCs1yu0zy1SNdm_13self_sensored2db8database22create_connection_pool0s0_0B9_
FNDA:0,_RNCNCNvNtNtCs1yu0zy1SNdm_13self_sensored2db8database22create_connection_pool0s1_0B9_
FNDA:0,_RNCNCNvNtNtCs1yu0zy1SNdm_13self_sensored2db8database22create_connection_pool0s2_0B9_
FNDA:0,_RNCNCNvNtNtCs1yu0zy1SNdm_13self_sensored2db8database22create_connection_pool0s3_0B9_
FNDA:0,_RNCNCNvNtNtCs1yu0zy1SNdm_13self_sensored2db8database22create_connection_pool0s_0B9_
FNDA:0,_RNCNvNtNtCs1yu0zy1SNdm_13self_sensored2db8database22create_connection_pool0B7_
FNDA:0,_RNCNvNtNtCs1yu0zy1SNdm_13self_sensored2db8database24test_database_connection0B7_
FNDA:0,_RNvNtNtCs1yu0zy1SNdm_13self_sensored2db8database22create_connection_pool
FNDA:0,_RNvNtNtCs1yu0zy1SNdm_13self_sensored2db8database22update_db_pool_metrics
FNDA:0,_RNvNtNtCs1yu0zy1SNdm_13self_sensored2db8database24test_database_connection
FNF:11
FNH:0
DA:7,0
DA:8,0
DA:10,0
DA:11,0
DA:12,0
DA:13,0
DA:15,0
DA:16,0
DA:17,0
DA:18,0
DA:20,0
DA:21,0
DA:22,0
DA:23,0
DA:25,0
DA:26,0
DA:27,0
DA:28,0
DA:30,0
DA:31,0
DA:32,0
DA:33,0
DA:36,0
DA:37,0
DA:38,0
DA:39,0
DA:41,0
DA:42,0
DA:46,0
DA:47,0
DA:48,0
DA:49,0
DA:50,0
DA:51,0
DA:52,0
DA:53,0
DA:54,0
DA:56,0
DA:57,0
DA:58,0
DA:60,0
DA:61,0
DA:62,0
DA:65,0
DA:68,0
DA:69,0
DA:72,0
DA:73,0
DA:76,0
DA:77,0
DA:80,0
DA:81,0
DA:82,0
DA:84,0
DA:85,0
DA:86,0
DA:87,0
DA:92,0
DA:93,0
DA:94,0
DA:96,0
DA:97,0
DA:98,0
DA:99,0
DA:103,0
DA:104,0
DA:105,0
DA:108,0
DA:109,0
DA:110,0
DA:113,0
DA:116,0
DA:117,0
DA:119,0
DA:121,0
DA:122,0
DA:123,0
DA:125,0
DA:128,0
DA:129,0
BRF:0
BRH:0
LF:88
LH:0
end_of_record
SF:/mnt/datadrive_m2/self-sensored/src/handlers/admin.rs
FN:36,_RNCNCNvNtNtCs1yu0zy1SNdm_13self_sensored8handlers5admin13get_log_level0s0_0B9_
FN:50,_RNCNCNvNtNtCs1yu0zy1SNdm_13self_sensored8handlers5admin13get_log_level0s2_0B9_
FN:50,_RNCNCNvNtNtCs1yu0zy1SNdm_13self_sensored8handlers5admin13get_log_level0s3_0B9_
FN:36,_RNCNCNvNtNtCs1yu0zy1SNdm_13self_sensored8handlers5admin13get_log_level0s_0B9_
FN:82,_RNCNCNvNtNtCs1yu0zy1SNdm_13self_sensored8handlers5admin13set_log_level0s0_0B9_
FN:105,_RNCNCNvNtNtCs1yu0zy1SNdm_13self_sensored8handlers5admin13set_log_level0s2_0B9_
FN:105,_RNCNCNvNtNtCs1yu0zy1SNdm_13self_sensored8handlers5admin13set_log_level0s3_0B9_
FN:126,_RNCNCNvNtNtCs1yu0zy1SNdm_13self_sensored8handlers5admin13set_log_level0s5_0B9_
FN:126,_RNCNCNvNtNtCs1yu0zy1SNdm_13self_sensored8handlers5admin13set_log_level0s6_0B9_
FN:147,_RNCNCNvNtNtCs1yu0zy1SNdm_13self_sensored8handlers5admin13set_log_level0s8_0B9_
FN:147,_RNCNCNvNtNtCs1yu0zy1SNdm_13self_sensored8handlers5admin13set_log_level0s9_0B9_
FN:82,_RNCNCNvNtNtCs1yu0zy1SNdm_13self_sensored8handlers5admin13set_log_level0s_0B9_
FN:180,_RNCNCNvNtNtCs1yu0zy1SNdm_13self_sensored8handlers5admin17get_logging_stats0s0_0B9_
FN:194,_RNCNCNvNtNtCs1yu0zy1SNdm_13self_sensored8handlers5admin17get_logging_stats0s2_0B9_
FN:194,_RNCNCNvNtNtCs1yu0zy1SNdm_13self_sensored8handlers5admin17get_logging_stats0s3_0B9_
FN:180,_RNCNCNvNtNtCs1yu0zy1SNdm_13self_sensored8handlers5admin17get_logging_stats0s_0B9_
FN:240,_RNCNCNvNtNtCs1yu0zy1SNdm_13self_sensored8handlers5admin18generate_test_logs0s0_0B9_
FN:254,_RNCNCNvNtNtCs1yu0zy1SNdm_13self_sensored8handlers5admin18generate_test_logs0s2_0B9_
FN:254,_RNCNCNvNtNtCs1yu0zy1SNdm_13self_sensored8handlers5admin18generate_test_logs0s3_0B9_
FN:240,_RNCNCNvNtNtCs1yu0zy1SNdm_13self_sensored8handlers5admin18generate_test_logs0s_0B9_
FN:330,_RNCNCNvNtNtCs1yu0zy1SNdm_13self_sensored8handlers5admin18generate_test_logs0sc_0B9_
FN:330,_RNCNCNvNtNtCs1yu0zy1SNdm_13self_sensored8handlers5admin18generate_test_logs0sd_0B9_
FN:26,_RNCNvNtNtCs1yu0zy1SNdm_13self_sensored8handlers5admin13get_log_level0B7_
FN:72,_RNCNvNtNtCs1yu0zy1SNdm_13self_sensored8handlers5admin13set_log_level0B7_
FN:170,_RNCNvNtNtCs1yu0zy1SNdm_13self_sensored8handlers5admin17get_logging_stats0B7_
FN:228,_RNCNvNtNtCs1yu0zy1SNdm_13self_sensored8handlers5admin18generate_test_logs0B7_
FN:26,_RNvNtNtCs1yu0zy1SNdm_13self_sensored8handlers5admin13get_log_level
FN:68,_RNvNtNtCs1yu0zy1SNdm_13self_sensored8handlers5admin13set_log_level
FN:167,_RNvNtNtCs1yu0zy1SNdm_13self_sensored8handlers5admin17get_logging_stats
FN:224,_RNvNtNtCs1yu0zy1SNdm_13self_sensored8handlers5admin18generate_test_logs
FNDA:0,_RNCNCNvNtNtCs1yu0zy1SNdm_13self_sensored8handlers5admin13get_log_level0s0_0B9_
FNDA:0,_RNCNCNvNtNtCs1yu0zy1SNdm_13self_sensored8handlers5admin13get_log_level0s2_0B9_
FNDA:0,_RNCNCNvNtNtCs1yu0zy1SNdm_13self_sensored8handlers5admin13get_log_level0s3_0B9_
FNDA:0,_RNCNCNvNtNtCs1yu0zy1SNdm_13self_sensored8handlers5admin13get_log_level0s_0B9_
FNDA:0,_RNCNCNvNtNtCs1yu0zy1SNdm_13self_sensored8handlers5admin13set_log_level0s0_0B9_
FNDA:0,_RNCNCNvNtNtCs1yu0zy1SNdm_13self_sensored8handlers5admin13set_log_level0s2_0B9_
FNDA:0,_RNCNCNvNtNtCs1yu0zy1SNdm_13self_sensored8handlers5admin13set_log_level0s3_0B9_
FNDA:0,_RNCNCNvNtNtCs1yu0zy1SNdm_13self_sensored8handlers5admin13set_log_level0s5_0B9_
FNDA:0,_RNCNCNvNtNtCs1yu0zy1SNdm_13self_sensored8handlers5admin13set_log_level0s6_0B9_
FNDA:0,_RNCNCNvNtNtCs1yu0zy1SNdm_13self_sensored8handlers5admin13set_log_level0s8_0B9_
FNDA:0,_RNCNCNvNtNtCs1yu0zy1SNdm_13self_sensored8handlers5admin13set_log_level0s9_0B9_
FNDA:0,_RNCNCNvNtNtCs1yu0zy1SNdm_13self_sensored8handlers5admin13set_log_level0s_0B9_
FNDA:0,_RNCNCNvNtNtCs1yu0zy1SNdm_13self_sensored8handlers5admin17get_logging_stats0s0_0B9_
FNDA:0,_RNCNCNvNtNtCs1yu0zy1SNdm_13self_sensored8handlers5admin17get_logging_stats0s2_0B9_
FNDA:0,_RNCNCNvNtNtCs1yu0zy1SNdm_13self_sensored8handlers5admin17get_logging_stats0s3_0B9_
FNDA:0,_RNCNCNvNtNtCs1yu0zy1SNdm_13self_sensored8handlers5admin17get_logging_stats0s_0B9_
FNDA:0,_RNCNCNvNtNtCs1yu0zy1SNdm_13self_sensored8handlers5admin18generate_test_logs0s0_0B9_
FNDA:0,_RNCNCNvNtNtCs1yu0zy1SNdm_13self_sensored8handlers5admin18generate_test_logs0s2_0B9_
FNDA:0,_RNCNCNvNtNtCs1yu0zy1SNdm_13self_sensored8handlers5admin18generate_test_logs0s3_0B9_
FNDA:0,_RNCNCNvNtNtCs1yu0zy1SNdm_13self_sensored8handlers5admin18generate_test_logs0s_0B9_
FNDA:0,_RNCNCNvNtNtCs1yu0zy1SNdm_13self_sensored8handlers5admin18generate_test_logs0sc_0B9_
FNDA:0,_RNCNCNvNtNtCs1yu0zy1SNdm_13self_sensored8handlers5admin18generate_test_logs0sd_0B9_
FNDA:0,_RNCNvNtNtCs1yu0zy1SNdm_13self_sensored8handlers5admin13get_log_level0B7_
FNDA:0,_RNCNvNtNtCs1yu0zy1SNdm_13self_sensored8handlers5admin13set_log_level0B7_
FNDA:0,_RNCNvNtNtCs1yu0zy1SNdm_13self_sensored8handlers5admin17get_logging_stats0B7_
FNDA:0,_RNCNvNtNtCs1yu0zy1SNdm_13self_sensored8handlers5admin18generate_test_logs0B7_
FNDA:0,_RNvNtNtCs1yu0zy1SNdm_13self_sensored8handlers5admin13get_log_level
FNDA:0,_RNvNtNtCs1yu0zy1SNdm_13self_sensored8handlers5admin13set_log_level
FNDA:0,_RNvNtNtCs1yu0zy1SNdm_13self_sensored8handlers5admin17get_logging_stats
FNDA:0,_RNvNtNtCs1yu0zy1SNdm_13self_sensored8handlers5admin18generate_test_logs
FNF:19
FNH:0
DA:26,0
DA:27,0
DA:30,0
DA:31,0
DA:36,0
DA:40,0
DA:41,0
DA:42,0
DA:43,0
DA:44,0
DA:45,0
DA:47,0
DA:50,0
DA:56,0
DA:57,0
DA:58,0
DA:59,0
DA:60,0
DA:61,0
DA:62,0
DA:64,0
DA:65,0
DA:68,0
DA:69,0
DA:70,0
DA:71,0
DA:72,0
DA:73,0
DA:76,0
DA:77,0
DA:82,0
DA:86,0
DA:87,0
DA:88,0
DA:89,0
DA:90,0
DA:91,0
DA:94,0
DA:95,0
DA:96,0
DA:97,0
DA:98,0
DA:99,0
DA:101,0
DA:104,0
DA:105,0
DA:109,0
DA:110,0
DA:111,0
DA:112,0
DA:113,0
DA:114,0
DA:115,0
DA:116,0
DA:117,0
DA:118,0
DA:122,0
DA:126,0
DA:135,0
DA:136,0
DA:137,0
DA:138,0
DA:139,0
DA:140,0
DA:141,0
DA:143,0
DA:146,0
DA:147,0
DA:151,0
DA:152,0
DA:167,0
DA:168,0
DA:169,0
DA:170,0
DA:171,0
DA:174,0
DA:175,0
DA:180,0
DA:184,0
DA:185,0
DA:186,0
DA:187,0
DA:188,0
DA:189,0
DA:191,0
DA:194,0
DA:202,0
DA:203,0
DA:204,0
DA:205,0
DA:206,0
DA:207,0
DA:208,0
DA:209,0
DA:210,0
DA:211,0
DA:213,0
DA:214,0
DA:224,0
DA:225,0
DA:226,0
DA:227,0
DA:228,0
DA:229,0
DA:230,0
DA:231,0
DA:234,0
DA:235,0
DA:240,0
DA:244,0
DA:245,0
DA:246,0
DA:247,0
DA:248,0
DA:249,0
DA:251,0
DA:254,0
DA:260,0
DA:261,0
DA:262,0
DA:265,0
DA:267,0
DA:270,0
DA:272,0
DA:275,0
DA:277,0
DA:280,0
DA:282,0
DA:285,0
DA:287,0
DA:290,0
DA:294,0
DA:296,0
DA:300,0
DA:302,0
DA:303,0
DA:304,0
DA:306,0
DA:309,0
DA:310,0
DA:313,0
DA:315,0
DA:318,0
DA:319,0
DA:320,0
DA:321,0
DA:322,0
DA:323,0
DA:324,0
DA:327,0
DA:330,0
DA:335,0
DA:336,0
BRF:0
BRH:0
LF:168
LH:0
end_of_record
SF:/mnt/datadrive_m2/self-sensored/src/handlers/auth.rs
FN:219,_RNCNCNCNvNtNtCs1yu0zy1SNdm_13self_sensored8handlers4auth13list_api_keys000Bb_
FN:218,_RNCNCNvNtNtCs1yu0zy1SNdm_13self_sensored8handlers4auth13list_api_keys00B9_
FN:82,_RNCNCNvNtNtCs1yu0zy1SNdm_13self_sensored8handlers4auth14create_api_key00B9_
FN:165,_RNCNCNvNtNtCs1yu0zy1SNdm_13self_sensored8handlers4auth14create_api_key0s0_0B9_
FN:86,_RNCNCNvNtNtCs1yu0zy1SNdm_13self_sensored8handlers4auth14create_api_key0s_0B9_
FN:262,_RNCNCNvNtNtCs1yu0zy1SNdm_13self_sensored8handlers4auth14revoke_api_key00B9_
FN:266,_RNCNCNvNtNtCs1yu0zy1SNdm_13self_sensored8handlers4auth14revoke_api_key0s_0B9_
FN:412,_RNCNCNvXNtNtCs1yu0zy1SNdm_13self_sensored8handlers4authNtB6_10ApiKeyInfoNtNtCs1IdqjQepwc8_9actix_web7extract11FromRequest12from_request00Ba_
FN:419,_RNCNCNvXNtNtCs1yu0zy1SNdm_13self_sensored8handlers4authNtB6_10ApiKeyInfoNtNtCs1IdqjQepwc8_9actix_web7extract11FromRequest12from_request0s_0Ba_
FN:212,_RNCNvNtNtCs1yu0zy1SNdm_13self_sensored8handlers4auth13list_api_keys0B7_
FN:77,_RNCNvNtNtCs1yu0zy1SNdm_13self_sensored8handlers4auth14create_api_key0B7_
FN:257,_RNCNvNtNtCs1yu0zy1SNdm_13self_sensored8handlers4auth14revoke_api_key0B7_
FN:343,_RNCNvNtNtCs1yu0zy1SNdm_13self_sensored8handlers4auth21get_rate_limit_status0B7_
FN:407,_RNCNvXNtNtCs1yu0zy1SNdm_13self_sensored8handlers4authNtB4_10ApiKeyInfoNtNtCs1IdqjQepwc8_9actix_web7extract11FromRequest12from_request0B8_
FN:209,_RNvNtNtCs1yu0zy1SNdm_13self_sensored8handlers4auth13list_api_keys
FN:72,_RNvNtNtCs1yu0zy1SNdm_13self_sensored8handlers4auth14create_api_key
FN:252,_RNvNtNtCs1yu0zy1SNdm_13self_sensored8handlers4auth14revoke_api_key
FN:391,_RNvNtNtCs1yu0zy1SNdm_13self_sensored8handlers4auth16configure_routes
FN:340,_RNvNtNtCs1yu0zy1SNdm_13self_sensored8handlers4auth21get_rate_limit_status
FN:405,_RNvXNtNtCs1yu0zy1SNdm_13self_sensored8handlers4authNtB2_10ApiKeyInfoNtNtCs1IdqjQepwc8_9actix_web7extract11FromRequest12from_request
FNDA:0,_RNCNCNCNvNtNtCs1yu0zy1SNdm_13self_sensored8handlers4auth13list_api_keys000Bb_
FNDA:0,_RNCNCNvNtNtCs1yu0zy1SNdm_13self_sensored8handlers4auth13list_api_keys00B9_
FNDA:0,_RNCNCNvNtNtCs1yu0zy1SNdm_13self_sensored8handlers4auth14create_api_key00B9_
FNDA:0,_RNCNCNvNtNtCs1yu0zy1SNdm_13self_sensored8handlers4auth14create_api_key0s0_0B9_
FNDA:0,_RNCNCNvNtNtCs1yu0zy1SNdm_13self_sensored8handlers4auth14create_api_key0s_0B9_
FNDA:0,_RNCNCNvNtNtCs1yu0zy1SNdm_13self_sensored8handlers4auth14revoke_api_key00B9_
FNDA:0,_RNCNCNvNtNtCs1yu0zy1SNdm_13self_sensored8handlers4auth14revoke_api_key0s_0B9_
FNDA:0,_RNCNCNvXNtNtCs1yu0zy1SNdm_13self_sensored8handlers4authNtB6_10ApiKeyInfoNtNtCs1IdqjQepwc8_9actix_web7extract11FromRequest12from_request00Ba_
FNDA:0,_RNCNCNvXNtNtCs1yu0zy1SNdm_13self_sensored8handlers4authNtB6_10ApiKeyInfoNtNtCs1IdqjQepwc8_9actix_web7extract11FromRequest12from_request0s_0Ba_
FNDA:0,_RNCNvNtNtCs1yu0zy1SNdm_13self_sensored8handlers4auth13list_api_keys0B7_
FNDA:0,_RNCNvNtNtCs1yu0zy1SNdm_13self_sensored8handlers4auth14create_api_key0B7_
FNDA:0,_RNCNvNtNtCs1yu0zy1SNdm_13self_sensored8handlers4auth14revoke_api_key0B7_
FNDA:0,_RNCNvNtNtCs1yu0zy1SNdm_13self_sensored8handlers4auth21get_rate_limit_status0B7_
FNDA:0,_RNCNvXNtNtCs1yu0zy1SNdm_13self_sensored8handlers4authNtB4_10ApiKeyInfoNtNtCs1IdqjQepwc8_9actix_web7extract11FromRequest12from_request0B8_
FNDA:0,_RNvNtNtCs1yu0zy1SNdm_13self_sensored8handlers4auth13list_api_keys
FNDA:0,_RNvNtNtCs1yu0zy1SNdm_13self_sensored8handlers4auth14create_api_key
FNDA:0,_RNvNtNtCs1yu0zy1SNdm_13self_sensored8handlers4auth14revoke_api_key
FNDA:0,_RNvNtNtCs1yu0zy1SNdm_13self_sensored8handlers4auth16configure_routes
FNDA:0,_RNvNtNtCs1yu0zy1SNdm_13self_sensored8handlers4auth21get_rate_limit_status
FNDA:0,_RNvXNtNtCs1yu0zy1SNdm_13self_sensored8handlers4authNtB2_10ApiKeyInfoNtNtCs1IdqjQepwc8_9actix_web7extract11FromRequest12from_request
FNF:20
FNH:0
DA:72,0
DA:73,0
DA:74,0
DA:75,0
DA:76,0
DA:77,0
DA:79,0
DA:80,0
DA:81,0
DA:82,0
DA:83,0
DA:84,0
DA:85,0
DA:86,0
DA:89,0
DA:90,0
DA:91,0
DA:92,0
DA:93,0
DA:94,0
DA:95,0
DA:96,0
DA:98,0
DA:99,0
DA:100,0
DA:101,0
DA:102,0
DA:103,0
DA:104,0
DA:105,0
DA:108,0
DA:109,0
DA:110,0
DA:111,0
DA:112,0
DA:113,0
DA:114,0
DA:115,0
DA:116,0
DA:117,0
DA:120,0
DA:121,0
DA:122,0
DA:123,0
DA:124,0
DA:125,0
DA:126,0
DA:127,0
DA:128,0
DA:129,0
DA:131,0
DA:132,0
DA:133,0
DA:134,0
DA:135,0
DA:136,0
DA:137,0
DA:138,0
DA:139,0
DA:141,0
DA:143,0
DA:144,0
DA:145,0
DA:146,0
DA:147,0
DA:148,0
DA:149,0
DA:150,0
DA:151,0
DA:152,0
DA:153,0
DA:154,0
DA:155,0
DA:156,0
DA:157,0
DA:158,0
DA:160,0
DA:162,0
DA:164,0
DA:165,0
DA:166,0
DA:167,0
DA:168,0
DA:169,0
DA:171,0
DA:174,0
DA:175,0
DA:178,0
DA:179,0
DA:180,0
DA:181,0
DA:182,0
DA:183,0
DA:184,0
DA:185,0
DA:186,0
DA:187,0
DA:188,0
DA:189,0
DA:190,0
DA:191,0
DA:192,0
DA:193,0
DA:195,0
DA:196,0
DA:197,0
DA:198,0
DA:199,0
DA:200,0
DA:201,0
DA:202,0
DA:205,0
DA:209,0
DA:210,0
DA:211,0
DA:212,0
DA:213,0
DA:214,0
DA:215,0
DA:216,0
DA:217,0
DA:218,0
DA:219,0
DA:220,0
DA:221,0
DA:222,0
DA:223,0
DA:224,0
DA:225,0
DA:227,0
DA:228,0
DA:229,0
DA:230,0
DA:231,0
DA:233,0
DA:234,0
DA:235,0
DA:239,0
DA:240,0
DA:241,0
DA:242,0
DA:243,0
DA:244,0
DA:245,0
DA:248,0
DA:252,0
DA:253,0
DA:254,0
DA:255,0
DA:256,0
DA:257,0
DA:259,0
DA:260,0
DA:261,0
DA:262,0
DA:263,0
DA:264,0
DA:265,0
DA:266,0
DA:268,0
DA:269,0
DA:270,0
DA:272,0
DA:274,0
DA:275,0
DA:276,0
DA:277,0
DA:278,0
DA:279,0
DA:281,0
DA:283,0
DA:284,0
DA:285,0
DA:286,0
DA:287,0
DA:288,0
DA:291,0
DA:292,0
DA:294,0
DA:295,0
DA:296,0
DA:297,0
DA:298,0
DA:299,0
DA:301,0
DA:302,0
DA:303,0
DA:304,0
DA:305,0
DA:308,0
DA:309,0
DA:312,0
DA:313,0
DA:314,0
DA:315,0
DA:316,0
DA:317,0
DA:318,0
DA:319,0
DA:320,0
DA:321,0
DA:322,0
DA:323,0
DA:324,0
DA:325,0
DA:327,0
DA:328,0
DA:329,0
DA:330,0
DA:331,0
DA:332,0
DA:333,0
DA:336,0
DA:340,0
DA:341,0
DA:342,0
DA:343,0
DA:344,0
DA:346,0
DA:347,0
DA:348,0
DA:349,0
DA:350,0
DA:351,0
DA:352,0
DA:353,0
DA:355,0
DA:356,0
DA:357,0
DA:359,0
DA:360,0
DA:361,0
DA:362,0
DA:363,0
DA:364,0
DA:365,0
DA:366,0
DA:367,0
DA:368,0
DA:369,0
DA:370,0
DA:371,0
DA:372,0
DA:373,0
DA:374,0
DA:375,0
DA:376,0
DA:377,0
DA:378,0
DA:379,0
DA:380,0
DA:381,0
DA:382,0
DA:383,0
DA:384,0
DA:385,0
DA:388,0
DA:391,0
DA:392,0
DA:393,0
DA:394,0
DA:395,0
DA:396,0
DA:397,0
DA:399,0
DA:405,0
DA:406,0
DA:407,0
DA:408,0
DA:409,0
DA:410,0
DA:411,0
DA:412,0
DA:415,0
DA:416,0
DA:417,0
DA:418,0
DA:419,0
DA:420,0
DA:421,0
DA:422,0
DA:423,0
DA:425,0
DA:426,0
BRF:0
BRH:0
LF:297
LH:0
end_of_record
SF:/mnt/datadrive_m2/self-sensored/src/handlers/background.rs
FN:259,_RNCNCNCNvNtNtCs1yu0zy1SNdm_13self_sensored8handlers10background18get_job_statistics00s1_0Bb_
FN:150,_RNCNvNtNtCs1yu0zy1SNdm_13self_sensored8handlers10background10cancel_job0B7_
FN:17,_RNCNvNtNtCs1yu0zy1SNdm_13self_sensored8handlers10background14get_job_status0B7_
FN:63,_RNCNvNtNtCs1yu0zy1SNdm_13self_sensored8handlers10background14list_user_jobs0B7_
FN:226,_RNCNvNtNtCs1yu0zy1SNdm_13self_sensored8handlers10background18get_job_statistics0B7_
FN:146,_RNvNtNtCs1yu0zy1SNdm_13self_sensored8handlers10background10cancel_job
FN:13,_RNvNtNtCs1yu0zy1SNdm_13self_sensored8handlers10background14get_job_status
FN:59,_RNvNtNtCs1yu0zy1SNdm_13self_sensored8handlers10background14list_user_jobs
FN:223,_RNvNtNtCs1yu0zy1SNdm_13self_sensored8handlers10background18get_job_statistics
FNDA:0,_RNCNCNCNvNtNtCs1yu0zy1SNdm_13self_sensored8handlers10background18get_job_statistics00s1_0Bb_
FNDA:0,_RNCNvNtNtCs1yu0zy1SNdm_13self_sensored8handlers10background10cancel_job0B7_
FNDA:0,_RNCNvNtNtCs1yu0zy1SNdm_13self_sensored8handlers10background14get_job_status0B7_
FNDA:0,_RNCNvNtNtCs1yu0zy1SNdm_13self_sensored8handlers10background14list_user_jobs0B7_
FNDA:0,_RNCNvNtNtCs1yu0zy1SNdm_13self_sensored8handlers10background18get_job_statistics0B7_
FNDA:0,_RNvNtNtCs1yu0zy1SNdm_13self_sensored8handlers10background10cancel_job
FNDA:0,_RNvNtNtCs1yu0zy1SNdm_13self_sensored8handlers10background14get_job_status
FNDA:0,_RNvNtNtCs1yu0zy1SNdm_13self_sensored8handlers10background14list_user_jobs
FNDA:0,_RNvNtNtCs1yu0zy1SNdm_13self_sensored8handlers10background18get_job_statistics
FNF:9
FNH:0
DA:13,0
DA:14,0
DA:15,0
DA:16,0
DA:17,0
DA:55,0
DA:59,0
DA:60,0
DA:61,0
DA:62,0
DA:63,0
DA:142,0
DA:146,0
DA:147,0
DA:148,0
DA:149,0
DA:150,0
DA:219,0
DA:223,0
DA:224,0
DA:225,0
DA:226,0
DA:259,0
DA:280,0
BRF:0
BRH:0
LF:28
LH:0
end_of_record
SF:/mnt/datadrive_m2/self-sensored/src/handlers/background_coordinator.rs
FN:320,_RNCNCNvMs1_NtNtCs1yu0zy1SNdm_13self_sensored8handlers22background_coordinatorNtB9_24BackgroundJobCoordinator12get_next_job00Bd_
FN:99,_RNCNCNvMs1_NtNtCs1yu0zy1SNdm_13self_sensored8handlers22background_coordinatorNtB9_24BackgroundJobCoordinator17create_ingest_job00Bd_
FN:274,_RNCNvMs1_NtNtCs1yu0zy1SNdm_13self_sensored8handlers22background_coordinatorNtB7_24BackgroundJobCoordinator12complete_job0Bb_
FN:307,_RNCNvMs1_NtNtCs1yu0zy1SNdm_13self_sensored8handlers22background_coordinatorNtB7_24BackgroundJobCoordinator12get_next_job0Bb_
FN:172,_RNCNvMs1_NtNtCs1yu0zy1SNdm_13self_sensored8handlers22background_coordinatorNtB7_24BackgroundJobCoordinator14get_job_status0Bb_
FN:353,_RNCNvMs1_NtNtCs1yu0zy1SNdm_13self_sensored8handlers22background_coordinatorNtB7_24BackgroundJobCoordinator15get_queue_stats0Bb_
FN:227,_RNCNvMs1_NtNtCs1yu0zy1SNdm_13self_sensored8handlers22background_coordinatorNtB7_24BackgroundJobCoordinator15update_progress0Bb_
FN:339,_RNCNvMs1_NtNtCs1yu0zy1SNdm_13self_sensored8handlers22background_coordinatorNtB7_24BackgroundJobCoordinator16cleanup_old_jobs0Bb_
FN:97,_RNCNvMs1_NtNtCs1yu0zy1SNdm_13self_sensored8handlers22background_coordinatorNtB7_24BackgroundJobCoordinator17create_ingest_job0Bb_
FN:155,_RNCNvMs1_NtNtCs1yu0zy1SNdm_13self_sensored8handlers22background_coordinatorNtB7_24BackgroundJobCoordinator18check_existing_job0Bb_
FN:21,_RNvMNtNtCs1yu0zy1SNdm_13self_sensored8handlers22background_coordinatorNtB2_17BackgroundJobType6as_str
FN:31,_RNvMNtNtCs1yu0zy1SNdm_13self_sensored8handlers22background_coordinatorNtB2_17BackgroundJobType8from_str
FN:268,_RNvMs1_NtNtCs1yu0zy1SNdm_13self_sensored8handlers22background_coordinatorNtB5_24BackgroundJobCoordinator12complete_job
FN:307,_RNvMs1_NtNtCs1yu0zy1SNdm_13self_sensored8handlers22background_coordinatorNtB5_24BackgroundJobCoordinator12get_next_job
FN:172,_RNvMs1_NtNtCs1yu0zy1SNdm_13self_sensored8handlers22background_coordinatorNtB5_24BackgroundJobCoordinator14get_job_status
FN:353,_RNvMs1_NtNtCs1yu0zy1SNdm_13self_sensored8handlers22background_coordinatorNtB5_24BackgroundJobCoordinator15get_queue_stats
FN:221,_RNvMs1_NtNtCs1yu0zy1SNdm_13self_sensored8handlers22background_coordinatorNtB5_24BackgroundJobCoordinator15update_progress
FN:339,_RNvMs1_NtNtCs1yu0zy1SNdm_13self_sensored8handlers22background_coordinatorNtB5_24BackgroundJobCoordinator16cleanup_old_jobs
FN:91,_RNvMs1_NtNtCs1yu0zy1SNdm_13self_sensored8handlers22background_coordinatorNtB5_24BackgroundJobCoordinator17create_ingest_job
FN:152,_RNvMs1_NtNtCs1yu0zy1SNdm_13self_sensored8handlers22background_coordinatorNtB5_24BackgroundJobCoordinator18check_existing_job
FN:86,_RNvMs1_NtNtCs1yu0zy1SNdm_13self_sensored8handlers22background_coordinatorNtB5_24BackgroundJobCoordinator3new
FN:426,_RNvNtNtCs1yu0zy1SNdm_13self_sensored8handlers22background_coordinator32should_use_background_processing
FN:68,_RNvXs0_NtNtCs1yu0zy1SNdm_13self_sensored8handlers22background_coordinatorNtB5_19BackgroundJobConfigNtNtCs1p5UDGgVI4d_4core7default7Default7default
FN:442,_RNvXs2_NtNtCs1yu0zy1SNdm_13self_sensored8handlers22background_coordinatorNtB5_21JobQueueMigrationPathNtNtCs1p5UDGgVI4d_4core7default7Default7default
FN:51,_RNvXs_NtNtCs1yu0zy1SNdm_13self_sensored8handlers22background_coordinatorlINtNtCs1p5UDGgVI4d_4core7convert4FromNtB4_11JobPriorityE4from
FNDA:0,_RNCNCNvMs1_NtNtCs1yu0zy1SNdm_13self_sensored8handlers22background_coordinatorNtB9_24BackgroundJobCoordinator12get_next_job00Bd_
FNDA:0,_RNCNCNvMs1_NtNtCs1yu0zy1SNdm_13self_sensored8handlers22background_coordinatorNtB9_24BackgroundJobCoordinator17create_ingest_job00Bd_
FNDA:0,_RNCNvMs1_NtNtCs1yu0zy1SNdm_13self_sensored8handlers22background_coordinatorNtB7_24BackgroundJobCoordinator12complete_job0Bb_
FNDA:0,_RNCNvMs1_NtNtCs1yu0zy1SNdm_13self_sensored8handlers22background_coordinatorNtB7_24BackgroundJobCoordinator12get_next_job0Bb_
FNDA:0,_RNCNvMs1_NtNtCs1yu0zy1SNdm_13self_sensored8handlers22background_coordinatorNtB7_24BackgroundJobCoordinator14get_job_status0Bb_
FNDA:0,_RNCNvMs1_NtNtCs1yu0zy1SNdm_13self_sensored8handlers22background_coordinatorNtB7_24BackgroundJobCoordinator15get_queue_stats0Bb_
FNDA:0,_RNCNvMs1_NtNtCs1yu0zy1SNdm_13self_sensored8handlers22background_coordinatorNtB7_24BackgroundJobCoordinator15update_progress0Bb_
FNDA:0,_RNCNvMs1_NtNtCs1yu0zy1SNdm_13self_sensored8handlers22background_coordinatorNtB7_24BackgroundJobCoordinator16cleanup_old_jobs0Bb_
FNDA:0,_RNCNvMs1_NtNtCs1yu0zy1SNdm_13self_sensored8handlers22background_coordinatorNtB7_24BackgroundJobCoordinator17create_ingest_job0Bb_
FNDA:0,_RNCNvMs1_NtNtCs1yu0zy1SNdm_13self_sensored8handlers22background_coordinatorNtB7_24BackgroundJobCoordinator18check_existing_job0Bb_
FNDA:0,_RNvMNtNtCs1yu0zy1SNdm_13self_sensored8handlers22background_coordinatorNtB2_17BackgroundJobType6as_str
FNDA:0,_RNvMNtNtCs1yu0zy1SNdm_13self_sensored8handlers22background_coordinatorNtB2_17BackgroundJobType8from_str
FNDA:0,_RNvMs1_NtNtCs1yu0zy1SNdm_13self_sensored8handlers22background_coordinatorNtB5_24BackgroundJobCoordinator12complete_job
FNDA:0,_RNvMs1_NtNtCs1yu0zy1SNdm_13self_sensored8handlers22background_coordinatorNtB5_24BackgroundJobCoordinator12get_next_job
FNDA:0,_RNvMs1_NtNtCs1yu0zy1SNdm_13self_sensored8handlers22background_coordinatorNtB5_24BackgroundJobCoordinator14get_job_status
FNDA:0,_RNvMs1_NtNtCs1yu0zy1SNdm_13self_sensored8handlers22background_coordinatorNtB5_24BackgroundJobCoordinator15get_queue_stats
FNDA:0,_RNvMs1_NtNtCs1yu0zy1SNdm_13self_sensored8handlers22background_coordinatorNtB5_24BackgroundJobCoordinator15update_progress
FNDA:0,_RNvMs1_NtNtCs1yu0zy1SNdm_13self_sensored8handlers22background_coordinatorNtB5_24BackgroundJobCoordinator16cleanup_old_jobs
FNDA:0,_RNvMs1_NtNtCs1yu0zy1SNdm_13self_sensored8handlers22background_coordinatorNtB5_24BackgroundJobCoordinator17create_ingest_job
FNDA:0,_RNvMs1_NtNtCs1yu0zy1SNdm_13self_sensored8handlers22background_coordinatorNtB5_24BackgroundJobCoordinator18check_existing_job
FNDA:0,_RNvMs1_NtNtCs1yu0zy1SNdm_13self_sensored8handlers22background_coordinatorNtB5_24BackgroundJobCoordinator3new
FNDA:0,_RNvNtNtCs1yu0zy1SNdm_13self_sensored8handlers22background_coordinator32should_use_background_processing
FNDA:0,_RNvXs0_NtNtCs1yu0zy1SNdm_13self_sensored8handlers22background_coordinatorNtB5_19BackgroundJobConfigNtNtCs1p5UDGgVI4d_4core7default7Default7default
FNDA:0,_RNvXs2_NtNtCs1yu0zy1SNdm_13self_sensored8handlers22background_coordinatorNtB5_21JobQueueMigrationPathNtNtCs1p5UDGgVI4d_4core7default7Default7default
FNDA:0,_RNvXs_NtNtCs1yu0zy1SNdm_13self_sensored8handlers22background_coordinatorlINtNtCs1p5UDGgVI4d_4core7convert4FromNtB4_11JobPriorityE4from
FNF:25
FNH:0
DA:21,0
DA:22,0
DA:23,0
DA:24,0
DA:25,0
DA:26,0
DA:28,0
DA:31,0
DA:32,0
DA:33,0
DA:34,0
DA:35,0
DA:36,0
DA:37,0
DA:39,0
DA:51,0
DA:52,0
DA:53,0
DA:68,0
DA:69,0
DA:70,0
DA:71,0
DA:72,0
DA:73,0
DA:74,0
DA:75,0
DA:76,0
DA:77,0
DA:86,0
DA:87,0
DA:88,0
DA:91,0
DA:92,0
DA:93,0
DA:94,0
DA:95,0
DA:96,0
DA:97,0
DA:98,0
DA:99,0
DA:101,0
DA:102,0
DA:105,0
DA:106,0
DA:109,0
DA:123,0
DA:124,0
DA:127,0
DA:128,0
DA:132,0
DA:137,0
DA:138,0
DA:140,0
DA:145,0
DA:148,0
DA:149,0
DA:152,0
DA:153,0
DA:154,0
DA:155,0
DA:156,0
DA:165,0
DA:166,0
DA:168,0
DA:169,0
DA:172,0
DA:173,0
DA:185,0
DA:186,0
DA:188,0
DA:190,0
DA:191,0
DA:192,0
DA:193,0
DA:194,0
DA:195,0
DA:196,0
DA:197,0
DA:199,0
DA:200,0
DA:201,0
DA:202,0
DA:203,0
DA:204,0
DA:205,0
DA:206,0
DA:207,0
DA:208,0
DA:209,0
DA:210,0
DA:211,0
DA:212,0
DA:213,0
DA:216,0
DA:218,0
DA:221,0
DA:222,0
DA:223,0
DA:224,0
DA:225,0
DA:226,0
DA:227,0
DA:228,0
DA:229,0
DA:232,0
DA:244,0
DA:246,0
DA:247,0
DA:250,0
DA:261,0
DA:262,0
DA:264,0
DA:265,0
DA:268,0
DA:269,0
DA:270,0
DA:271,0
DA:272,0
DA:273,0
DA:274,0
DA:275,0
DA:286,0
DA:287,0
DA:289,0
DA:294,0
DA:295,0
DA:297,0
DA:300,0
DA:303,0
DA:304,0
DA:307,0
DA:308,0
DA:309,0
DA:310,0
DA:311,0
DA:312,0
DA:313,0
DA:314,0
DA:315,0
DA:317,0
DA:318,0
DA:319,0
DA:320,0
DA:321,0
DA:323,0
DA:324,0
DA:325,0
DA:326,0
DA:327,0
DA:328,0
DA:329,0
DA:330,0
DA:331,0
DA:332,0
DA:334,0
DA:336,0
DA:339,0
DA:340,0
DA:341,0
DA:342,0
DA:344,0
DA:345,0
DA:346,0
DA:347,0
DA:349,0
DA:350,0
DA:353,0
DA:354,0
DA:355,0
DA:356,0
DA:357,0
DA:358,0
DA:359,0
DA:360,0
DA:361,0
DA:362,0
DA:363,0
DA:364,0
DA:365,0
DA:366,0
DA:367,0
DA:369,0
DA:370,0
DA:371,0
DA:372,0
DA:373,0
DA:374,0
DA:375,0
DA:376,0
DA:377,0
DA:378,0
DA:379,0
DA:380,0
DA:381,0
DA:426,0
DA:430,0
DA:431,0
DA:442,0
DA:443,0
DA:444,0
DA:445,0
DA:446,0
DA:447,0
DA:448,0
DA:449,0
DA:450,0
DA:451,0
DA:452,0
DA:453,0
DA:454,0
DA:455,0
DA:456,0
DA:457,0
DA:458,0
DA:459,0
DA:460,0
DA:461,0
DA:462,0
DA:463,0
DA:464,0
BRF:0
BRH:0
LF:230
LH:0
end_of_record
SF:/mnt/datadrive_m2/self-sensored/src/handlers/body_measurements_handler.rs
FN:547,_RNCNCNvNtNtCs1yu0zy1SNdm_13self_sensored8handlers25body_measurements_handler34generate_body_composition_analysis00B9_
FN:555,_RNCNCNvNtNtCs1yu0zy1SNdm_13self_sensored8handlers25body_measurements_handler34generate_body_composition_analysis0s_0B9_
FN:666,_RNCNCNvNtNtCs1yu0zy1SNdm_13self_sensored8handlers25body_measurements_handler34generate_body_measurements_summary0s2_0B9_
FN:194,_RNCNvNtNtCs1yu0zy1SNdm_13self_sensored8handlers25body_measurements_handler24ingest_body_measurements0B7_
FN:609,_RNCNvNtNtCs1yu0zy1SNdm_13self_sensored8handlers25body_measurements_handler25generate_fitness_insights0B7_
FN:318,_RNCNvNtNtCs1yu0zy1SNdm_13self_sensored8handlers25body_measurements_handler26get_body_measurements_data0B7_
FN:676,_RNCNvNtNtCs1yu0zy1SNdm_13self_sensored8handlers25body_measurements_handler32generate_body_measurement_trends0B7_
FN:542,_RNCNvNtNtCs1yu0zy1SNdm_13self_sensored8handlers25body_measurements_handler34generate_body_composition_analysis0B7_
FN:657,_RNCNvNtNtCs1yu0zy1SNdm_13self_sensored8handlers25body_measurements_handler34generate_body_measurements_summary0B7_
FN:187,_RNvNtNtCs1yu0zy1SNdm_13self_sensored8handlers25body_measurements_handler24ingest_body_measurements
FN:605,_RNvNtNtCs1yu0zy1SNdm_13self_sensored8handlers25body_measurements_handler25generate_fitness_insights
FN:314,_RNvNtNtCs1yu0zy1SNdm_13self_sensored8handlers25body_measurements_handler26get_body_measurements_data
FN:672,_RNvNtNtCs1yu0zy1SNdm_13self_sensored8handlers25body_measurements_handler32generate_body_measurement_trends
FN:522,_RNvNtNtCs1yu0zy1SNdm_13self_sensored8handlers25body_measurements_handler34determine_primary_measurement_type
FN:539,_RNvNtNtCs1yu0zy1SNdm_13self_sensored8handlers25body_measurements_handler34generate_body_composition_analysis
FN:653,_RNvNtNtCs1yu0zy1SNdm_13self_sensored8handlers25body_measurements_handler34generate_body_measurements_summary
FN:432,_RNvNtNtCs1yu0zy1SNdm_13self_sensored8handlers25body_measurements_handler37convert_and_validate_body_measurement
FNDA:0,_RNCNCNvNtNtCs1yu0zy1SNdm_13self_sensored8handlers25body_measurements_handler34generate_body_composition_analysis00B9_
FNDA:0,_RNCNCNvNtNtCs1yu0zy1SNdm_13self_sensored8handlers25body_measurements_handler34generate_body_composition_analysis0s_0B9_
FNDA:0,_RNCNCNvNtNtCs1yu0zy1SNdm_13self_sensored8handlers25body_measurements_handler34generate_body_measurements_summary0s2_0B9_
FNDA:0,_RNCNvNtNtCs1yu0zy1SNdm_13self_sensored8handlers25body_measurements_handler24ingest_body_measurements0B7_
FNDA:0,_RNCNvNtNtCs1yu0zy1SNdm_13self_sensored8handlers25body_measurements_handler25generate_fitness_insights0B7_
FNDA:0,_RNCNvNtNtCs1yu0zy1SNdm_13self_sensored8handlers25body_measurements_handler26get_body_measurements_data0B7_
FNDA:0,_RNCNvNtNtCs1yu0zy1SNdm_13self_sensored8handlers25body_measurements_handler32generate_body_measurement_trends0B7_
FNDA:0,_RNCNvNtNtCs1yu0zy1SNdm_13self_sensored8handlers25body_measurements_handler34generate_body_composition_analysis0B7_
FNDA:0,_RNCNvNtNtCs1yu0zy1SNdm_13self_sensored8handlers25body_measurements_handler34generate_body_measurements_summary0B7_
FNDA:0,_RNvNtNtCs1yu0zy1SNdm_13self_sensored8handlers25body_measurements_handler24ingest_body_measurements
FNDA:0,_RNvNtNtCs1yu0zy1SNdm_13self_sensored8handlers25body_measurements_handler25generate_fitness_insights
FNDA:0,_RNvNtNtCs1yu0zy1SNdm_13self_sensored8handlers25body_measurements_handler26get_body_measurements_data
FNDA:0,_RNvNtNtCs1yu0zy1SNdm_13self_sensored8handlers25body_measurements_handler32generate_body_measurement_trends
FNDA:0,_RNvNtNtCs1yu0zy1SNdm_13self_sensored8handlers25body_measurements_handler34determine_primary_measurement_type
FNDA:0,_RNvNtNtCs1yu0zy1SNdm_13self_sensored8handlers25body_measurements_handler34generate_body_composition_analysis
FNDA:0,_RNvNtNtCs1yu0zy1SNdm_13self_sensored8handlers25body_measurements_handler34generate_body_measurements_summary
FNDA:0,_RNvNtNtCs1yu0zy1SNdm_13self_sensored8handlers25body_measurements_handler37convert_and_validate_body_measurement
FNF:17
FNH:0
DA:187,0
DA:188,0
DA:189,0
DA:190,0
DA:191,0
DA:192,0
DA:193,0
DA:194,0
DA:310,0
DA:314,0
DA:315,0
DA:316,0
DA:317,0
DA:318,0
DA:429,0
DA:432,0
DA:433,0
DA:434,0
DA:435,0
DA:436,0
DA:438,0
DA:439,0
DA:440,0
DA:442,0
DA:443,0
DA:444,0
DA:445,0
DA:446,0
DA:447,0
DA:450,0
DA:451,0
DA:452,0
DA:453,0
DA:454,0
DA:455,0
DA:456,0
DA:457,0
DA:460,0
DA:461,0
DA:462,0
DA:464,0
DA:465,0
DA:466,0
DA:467,0
DA:468,0
DA:469,0
DA:470,0
DA:471,0
DA:474,0
DA:475,0
DA:476,0
DA:477,0
DA:478,0
DA:479,0
DA:480,0
DA:483,0
DA:484,0
DA:485,0
DA:486,0
DA:488,0
DA:489,0
DA:490,0
DA:491,0
DA:492,0
DA:495,0
DA:496,0
DA:499,0
DA:500,0
DA:501,0
DA:502,0
DA:503,0
DA:504,0
DA:505,0
DA:506,0
DA:507,0
DA:508,0
DA:509,0
DA:510,0
DA:511,0
DA:512,0
DA:513,0
DA:514,0
DA:515,0
DA:516,0
DA:517,0
DA:518,0
DA:519,0
DA:522,0
DA:523,0
DA:524,0
DA:525,0
DA:526,0
DA:527,0
DA:528,0
DA:529,0
DA:530,0
DA:531,0
DA:532,0
DA:534,0
DA:536,0
DA:539,0
DA:540,0
DA:541,0
DA:542,0
DA:543,0
DA:545,0
DA:547,0
DA:548,0
DA:549,0
DA:550,0
DA:551,0
DA:552,0
DA:555,0
DA:556,0
DA:557,0
DA:558,0
DA:559,0
DA:560,0
DA:561,0
DA:564,0
DA:566,0
DA:567,0
DA:571,0
DA:572,0
DA:573,0
DA:574,0
DA:575,0
DA:576,0
DA:577,0
DA:578,0
DA:579,0
DA:580,0
DA:581,0
DA:582,0
DA:584,0
DA:585,0
DA:586,0
DA:587,0
DA:588,0
DA:589,0
DA:590,0
DA:591,0
DA:593,0
DA:594,0
DA:595,0
DA:596,0
DA:597,0
DA:598,0
DA:599,0
DA:600,0
DA:602,0
DA:605,0
DA:606,0
DA:607,0
DA:608,0
DA:609,0
DA:613,0
DA:614,0
DA:616,0
DA:618,0
DA:619,0
DA:620,0
DA:621,0
DA:622,0
DA:623,0
DA:624,0
DA:625,0
DA:626,0
DA:628,0
DA:629,0
DA:630,0
DA:631,0
DA:632,0
DA:633,0
DA:634,0
DA:635,0
DA:636,0
DA:637,0
DA:639,0
DA:640,0
DA:641,0
DA:642,0
DA:643,0
DA:644,0
DA:645,0
DA:646,0
DA:647,0
DA:648,0
DA:649,0
DA:650,0
DA:653,0
DA:654,0
DA:655,0
DA:656,0
DA:657,0
DA:658,0
DA:661,0
DA:662,0
DA:663,0
DA:664,0
DA:665,0
DA:666,0
DA:667,0
DA:669,0
DA:672,0
DA:673,0
DA:674,0
DA:675,0
DA:676,0
DA:680,0
DA:681,0
DA:682,0
DA:683,0
DA:684,0
DA:685,0
DA:686,0
BRF:0
BRH:0
LF:225
LH:0
end_of_record
SF:/mnt/datadrive_m2/self-sensored/src/handlers/data_loader.rs
FN:408,_RNCNCNCNvNtNtCs1yu0zy1SNdm_13self_sensored8handlers11data_loader15get_data_loader000Bb_
FN:393,_RNCNCNCNvNtNtCs1yu0zy1SNdm_13self_sensored8handlers11data_loader22initialize_data_loader000Bb_
FN:121,_RNCNCNvMs0_NtNtCs1yu0zy1SNdm_13self_sensored8handlers11data_loaderNtB9_14LazyDataLoader21get_category_mappings00Bd_
FN:148,_RNCNCNvMs0_NtNtCs1yu0zy1SNdm_13self_sensored8handlers11data_loaderNtB9_14LazyDataLoader25get_supported_identifiers00Bd_
FN:149,_RNCNCNvMs0_NtNtCs1yu0zy1SNdm_13self_sensored8handlers11data_loaderNtB9_14LazyDataLoader25get_supported_identifiers0s_0Bd_
FN:408,_RNCNCNvNtNtCs1yu0zy1SNdm_13self_sensored8handlers11data_loader15get_data_loader00B9_
FN:401,_RNCNCNvNtNtCs1yu0zy1SNdm_13self_sensored8handlers11data_loader22initialize_data_loader00B9_
FN:88,_RNCNvMs0_NtNtCs1yu0zy1SNdm_13self_sensored8handlers11data_loaderNtB7_14LazyDataLoader11get_mapping0Bb_
FN:228,_RNCNvMs0_NtNtCs1yu0zy1SNdm_13self_sensored8handlers11data_loaderNtB7_14LazyDataLoader13should_reload0Bb_
FN:170,_RNCNvMs0_NtNtCs1yu0zy1SNdm_13self_sensored8handlers11data_loaderNtB7_14LazyDataLoader14get_statistics0Bb_
FN:293,_RNCNvMs0_NtNtCs1yu0zy1SNdm_13self_sensored8handlers11data_loaderNtB7_14LazyDataLoader16load_static_data0Bb_
FN:163,_RNCNvMs0_NtNtCs1yu0zy1SNdm_13self_sensored8handlers11data_loaderNtB7_14LazyDataLoader17get_support_level0Bb_
FN:284,_RNCNvMs0_NtNtCs1yu0zy1SNdm_13self_sensored8handlers11data_loaderNtB7_14LazyDataLoader18load_from_database0Bb_
FN:109,_RNCNvMs0_NtNtCs1yu0zy1SNdm_13self_sensored8handlers11data_loaderNtB7_14LazyDataLoader21get_category_mappings0Bb_
FN:136,_RNCNvMs0_NtNtCs1yu0zy1SNdm_13self_sensored8handlers11data_loaderNtB7_14LazyDataLoader25get_supported_identifiers0Bb_
FN:210,_RNCNvMs0_NtNtCs1yu0zy1SNdm_13self_sensored8handlers11data_loaderNtB7_14LazyDataLoader6reload0Bb_
FN:250,_RNCNvMs0_NtNtCs1yu0zy1SNdm_13self_sensored8handlers11data_loaderNtB7_14LazyDataLoader9load_data0Bb_
FN:406,_RNCNvNtNtCs1yu0zy1SNdm_13self_sensored8handlers11data_loader15get_data_loader0B7_
FN:391,_RNCNvNtNtCs1yu0zy1SNdm_13self_sensored8handlers11data_loader22initialize_data_loader0B7_
[...]
FN:30,_RNvMs_NtNtCs1yu0zy1SNdm_13self_sensored8services16streaming_parserNtB4_19StreamingJsonParser3new
FN:270,_RNCNvNtNtNtCs1yu0zy1SNdm_13self_sensored8services16streaming_parser5testss_27test_streaming_parser_basic0B9_
FN:47,_RINvMs_NtNtCs1yu0zy1SNdm_13self_sensored8services16streaming_parserNtB5_19StreamingJsonParser17parse_from_streamppEB9_
FN:93,_RINvMs_NtNtCs1yu0zy1SNdm_13self_sensored8services16streaming_parserNtB5_19StreamingJsonParser19parse_complete_jsonpEB9_
FN:231,_RINvNtNtCs1yu0zy1SNdm_13self_sensored8services16streaming_parser24parse_large_json_payloadpEB6_
FN:51,_RNCINvMs_NtNtCs1yu0zy1SNdm_13self_sensored8services16streaming_parserNtB7_19StreamingJsonParser17parse_from_streamppE0Bb_
FN:234,_RNCINvNtNtCs1yu0zy1SNdm_13self_sensored8services16streaming_parser24parse_large_json_payloadpE0B8_
FN:239,_RNCNCINvNtNtCs1yu0zy1SNdm_13self_sensored8services16streaming_parser24parse_large_json_payloadpE00Ba_
FN:249,_RNCNCINvNtNtCs1yu0zy1SNdm_13self_sensored8services16streaming_parser24parse_large_json_payloadpE0s0_0Ba_
FN:240,_RNCNCINvNtNtCs1yu0zy1SNdm_13self_sensored8services16streaming_parser24parse_large_json_payloadpE0s_0Ba_
FN:194,_RNCNvMs_NtNtCs1yu0zy1SNdm_13self_sensored8services16streaming_parserNtB6_19StreamingJsonParser18find_path_location0Ba_
FN:212,_RNvMs0_NtNtCs1yu0zy1SNdm_13self_sensored8services16streaming_parserNtB5_13PayloadStream3new
FN:201,_RNvMs_NtNtCs1yu0zy1SNdm_13self_sensored8services16streaming_parserNtB4_19StreamingJsonParser10total_size
FN:38,_RNvMs_NtNtCs1yu0zy1SNdm_13self_sensored8services16streaming_parserNtB4_19StreamingJsonParser13with_max_size
FN:177,_RNvMs_NtNtCs1yu0zy1SNdm_13self_sensored8services16streaming_parserNtB4_19StreamingJsonParser17get_error_context
FN:187,_RNvMs_NtNtCs1yu0zy1SNdm_13self_sensored8services16streaming_parserNtB4_19StreamingJsonParser18find_path_location
FN:24,_RNvXNtNtCs1yu0zy1SNdm_13self_sensored8services16streaming_parserNtB2_19StreamingJsonParserNtNtCs1p5UDGgVI4d_4core7default7Default7default
FN:220,_RNvXs1_NtNtCs1yu0zy1SNdm_13self_sensored8services16streaming_parserNtB5_13PayloadStreamNtNtCscskjdvM8hlU_12futures_core6stream6Stream9poll_next
FN:270,_RNvNtNtNtCs1yu0zy1SNdm_13self_sensored8services16streaming_parser5testss_27test_streaming_parser_basic
FN:285,_RNvNtNtNtCs1yu0zy1SNdm_13self_sensored8services16streaming_parser5testss_30test_json_structure_validation
FNDA:2,_RNvMs_NtNtCs1yu0zy1SNdm_13self_sensored8services16streaming_parserNtB4_19StreamingJsonParser23validate_json_structure
FNDA:3,_RNvMs_NtNtCs1yu0zy1SNdm_13self_sensored8services16streaming_parserNtB4_19StreamingJsonParser3new
FNDA:1,_RNCNvNtNtNtCs1yu0zy1SNdm_13self_sensored8services16streaming_parser5testss_27test_streaming_parser_basic0B9_
FNDA:0,_RINvMs_NtNtCs1yu0zy1SNdm_13self_sensored8services16streaming_parserNtB5_19StreamingJsonParser17parse_from_streamppEB9_
FNDA:0,_RINvMs_NtNtCs1yu0zy1SNdm_13self_sensored8services16streaming_parserNtB5_19StreamingJsonParser19parse_complete_jsonpEB9_
FNDA:0,_RINvNtNtCs1yu0zy1SNdm_13self_sensored8services16streaming_parser24parse_large_json_payloadpEB6_
FNDA:0,_RNCINvMs_NtNtCs1yu0zy1SNdm_13self_sensored8services16streaming_parserNtB7_19StreamingJsonParser17parse_from_streamppE0Bb_
FNDA:0,_RNCINvNtNtCs1yu0zy1SNdm_13self_sensored8services16streaming_parser24parse_large_json_payloadpE0B8_
FNDA:0,_RNCNCINvNtNtCs1yu0zy1SNdm_13self_sensored8services16streaming_parser24parse_large_json_payloadpE00Ba_
FNDA:0,_RNCNCINvNtNtCs1yu0zy1SNdm_13self_sensored8services16streaming_parser24parse_large_json_payloadpE0s0_0Ba_
FNDA:0,_RNCNCINvNtNtCs1yu0zy1SNdm_13self_sensored8services16streaming_parser24parse_large_json_payloadpE0s_0Ba_
FNDA:0,_RNCNvMs_NtNtCs1yu0zy1SNdm_13self_sensored8services16streaming_parserNtB6_19StreamingJsonParser18find_path_location0Ba_
FNDA:0,_RNvMs0_NtNtCs1yu0zy1SNdm_13self_sensored8services16streaming_parserNtB5_13PayloadStream3new
FNDA:0,_RNvMs_NtNtCs1yu0zy1SNdm_13self_sensored8services16streaming_parserNtB4_19StreamingJsonParser10total_size
FNDA:0,_RNvMs_NtNtCs1yu0zy1SNdm_13self_sensored8services16streaming_parserNtB4_19StreamingJsonParser13with_max_size
FNDA:0,_RNvMs_NtNtCs1yu0zy1SNdm_13self_sensored8services16streaming_parserNtB4_19StreamingJsonParser17get_error_context
FNDA:0,_RNvMs_NtNtCs1yu0zy1SNdm_13self_sensored8services16streaming_parserNtB4_19StreamingJsonParser18find_path_location
FNDA:0,_RNvXNtNtCs1yu0zy1SNdm_13self_sensored8services16streaming_parserNtB2_19StreamingJsonParserNtNtCs1p5UDGgVI4d_4core7default7Default7default
FNDA:0,_RNvXs1_NtNtCs1yu0zy1SNdm_13self_sensored8services16streaming_parserNtB5_13PayloadStreamNtNtCscskjdvM8hlU_12futures_core6stream6Stream9poll_next
FNDA:1,_RNvNtNtNtCs1yu0zy1SNdm_13self_sensored8services16streaming_parser5testss_27test_streaming_parser_basic
FNDA:1,_RNvNtNtNtCs1yu0zy1SNdm_13self_sensored8services16streaming_parser5testss_30test_json_structure_validation
FNF:21
FNH:5
DA:24,0
DA:25,0
DA:26,0
DA:30,3
DA:31,3
DA:32,3
DA:33,3
DA:34,3
DA:35,3
DA:36,3
DA:38,0
DA:39,0
DA:40,0
DA:41,0
DA:42,0
DA:43,0
DA:44,0
DA:47,0
DA:48,0
DA:49,0
DA:50,0
DA:51,0
DA:53,0
DA:54,0
DA:57,0
DA:58,0
DA:59,0
DA:61,0
DA:64,0
DA:65,0
DA:66,0
DA:67,0
DA:68,0
DA:70,0
DA:71,0
DA:74,0
DA:76,0
DA:78,0
DA:79,0
DA:80,0
DA:82,0
DA:83,0
DA:86,0
DA:89,0
DA:90,0
DA:93,0
DA:95,0
DA:96,0
DA:97,0
DA:100,0
DA:101,0
DA:102,0
DA:103,0
DA:104,0
DA:105,0
DA:108,0
DA:109,0
DA:110,0
DA:111,0
DA:112,0
DA:114,0
DA:115,0
DA:116,0
DA:118,0
DA:119,0
DA:120,0
DA:123,0
DA:125,0
DA:126,0
DA:127,0
DA:130,0
DA:133,2
DA:134,2
DA:135,2
DA:136,2
DA:137,2
DA:139,83
DA:140,81
DA:141,0
DA:142,0
DA:143,81
DA:145,16
DA:146,16
DA:147,0
DA:148,4
DA:149,3
DA:150,0
DA:151,0
DA:152,58
DA:156,81
DA:157,0
DA:158,81
DA:161,2
DA:162,0
DA:163,2
DA:165,2
DA:166,1
DA:167,1
DA:169,1
DA:170,0
DA:171,1
DA:173,1
DA:174,2
DA:177,0
DA:179,0
DA:180,0
DA:182,0
DA:184,0
DA:187,0
DA:189,0
DA:190,0
DA:193,0
DA:194,0
DA:195,0
DA:196,0
DA:198,0
DA:199,0
DA:201,0
DA:202,0
DA:203,0
DA:212,0
DA:213,0
DA:214,0
DA:220,0
DA:221,0
DA:222,0
DA:223,0
DA:224,0
DA:225,0
DA:227,0
DA:231,0
DA:232,0
DA:233,0
DA:234,0
DA:236,0
DA:237,0
DA:238,0
DA:239,0
DA:240,0
DA:242,0
DA:243,0
DA:248,0
DA:249,0
DA:250,0
DA:252,0
DA:253,0
DA:255,0
DA:256,0
DA:270,1
DA:271,1
DA:272,1
DA:275,1
DA:276,1
DA:277,1
DA:278,1
DA:279,1
DA:282,1
DA:285,1
DA:286,1
DA:289,1
DA:290,1
DA:291,1
DA:292,1
DA:295,1
DA:296,1
DA:297,1
DA:298,1
BRF:0
BRH:0
LF:177
LH:56
end_of_record
SF:/mnt/datadrive_m2/self-sensored/src/services/user_characteristics.rs
FN:24,_RNCNvMNtNtCs1yu0zy1SNdm_13self_sensored8services20user_characteristicsNtB4_26UserCharacteristicsService14get_by_user_id0B8_
FN:271,_RNCNvMNtNtCs1yu0zy1SNdm_13self_sensored8services20user_characteristicsNtB4_26UserCharacteristicsService21get_validation_ranges0B8_
FN:59,_RNCNvMNtNtCs1yu0zy1SNdm_13self_sensored8services20user_characteristicsNtB4_26UserCharacteristicsService6create0B8_
FN:558,_RNCNCNvNtNtNtCs1yu0zy1SNdm_13self_sensored8services20user_characteristics5testss_26test_get_validation_ranges00Bb_
FN:505,_RNCNCNvNtNtNtCs1yu0zy1SNdm_13self_sensored8services20user_characteristics5testss_32test_create_user_characteristics00Bb_
FN:554,_RNCNvNtNtNtCs1yu0zy1SNdm_13self_sensored8services20user_characteristics5testss_26test_get_validation_ranges0B9_
FN:501,_RNCNvNtNtNtCs1yu0zy1SNdm_13self_sensored8services20user_characteristics5testss_32test_create_user_characteristics0B9_
FN:554,_RNvNtNtNtCs1yu0zy1SNdm_13self_sensored8services20user_characteristics5testss_26test_get_validation_ranges
FN:501,_RNvNtNtNtCs1yu0zy1SNdm_13self_sensored8services20user_characteristics5testss_32test_create_user_characteristics
FN:24,_RNvMNtNtCs1yu0zy1SNdm_13self_sensored8services20user_characteristicsNtB2_26UserCharacteristicsService14get_by_user_id
FN:267,_RNvMNtNtCs1yu0zy1SNdm_13self_sensored8services20user_characteristicsNtB2_26UserCharacteristicsService21get_validation_ranges
FN:19,_RNvMNtNtCs1yu0zy1SNdm_13self_sensored8services20user_characteristicsNtB2_26UserCharacteristicsService3new
FN:55,_RNvMNtNtCs1yu0zy1SNdm_13self_sensored8services20user_characteristicsNtB2_26UserCharacteristicsService6create
FN:399,_RNCNCNvMNtNtCs1yu0zy1SNdm_13self_sensored8services20user_characteristicsNtB6_26UserCharacteristicsService19get_aggregate_stats0s_0Ba_
FN:209,_RNCNCNvMNtNtCs1yu0zy1SNdm_13self_sensored8services20user_characteristicsNtB6_26UserCharacteristicsService6upsert00Ba_
FN:432,_RNCNvMNtNtCs1yu0zy1SNdm_13self_sensored8services20user_characteristicsNtB4_26UserCharacteristicsService16process_ios_data0B8_
FN:455,_RNCNvMNtNtCs1yu0zy1SNdm_13self_sensored8services20user_characteristicsNtB4_26UserCharacteristicsService18get_emergency_info0B8_
FN:362,_RNCNvMNtNtCs1yu0zy1SNdm_13self_sensored8services20user_characteristicsNtB4_26UserCharacteristicsService19get_aggregate_stats0B8_
FN:483,_RNCNvMNtNtCs1yu0zy1SNdm_13self_sensored8services20user_characteristicsNtB4_26UserCharacteristicsService20get_heart_rate_zones0B8_
FN:237,_RNCNvMNtNtCs1yu0zy1SNdm_13self_sensored8services20user_characteristicsNtB4_26UserCharacteristicsService20update_last_verified0B8_
FN:463,_RNCNvMNtNtCs1yu0zy1SNdm_13self_sensored8services20user_characteristicsNtB4_26UserCharacteristicsService22get_uv_recommendations0B8_
FN:338,_RNCNvMNtNtCs1yu0zy1SNdm_13self_sensored8services20user_characteristicsNtB4_26UserCharacteristicsService23get_incomplete_profiles0B8_
FN:253,_RNCNvMNtNtCs1yu0zy1SNdm_13self_sensored8services20user_characteristicsNtB4_26UserCharacteristicsService24get_with_personalization0B8_
FN:405,_RNCNvMNtNtCs1yu0zy1SNdm_13self_sensored8services20user_characteristicsNtB4_26UserCharacteristicsService24has_personalization_data0B8_
FN:471,_RNCNvMNtNtCs1yu0zy1SNdm_13self_sensored8services20user_characteristicsNtB4_26UserCharacteristicsService28get_activity_personalization0B8_
FN:219,_RNCNvMNtNtCs1yu0zy1SNdm_13self_sensored8services20user_characteristicsNtB4_26UserCharacteristicsService6delete0B8_
FN:123,_RNCNvMNtNtCs1yu0zy1SNdm_13self_sensored8services20user_characteristicsNtB4_26UserCharacteristicsService6update0B8_
FN:203,_RNCNvMNtNtCs1yu0zy1SNdm_13self_sensored8services20user_characteristicsNtB4_26UserCharacteristicsService6upsert0B8_
FN:428,_RNvMNtNtCs1yu0zy1SNdm_13self_sensored8services20user_characteristicsNtB2_26UserCharacteristicsService16process_ios_data
FN:455,_RNvMNtNtCs1yu0zy1SNdm_13self_sensored8services20user_characteristicsNtB2_26UserCharacteristicsService18get_emergency_info
FN:362,_RNvMNtNtCs1yu0zy1SNdm_13self_sensored8services20user_characteristicsNtB2_26UserCharacteristicsService19get_aggregate_stats
FN:479,_RNvMNtNtCs1yu0zy1SNdm_13self_sensored8services20user_characteristicsNtB2_26UserCharacteristicsService20get_heart_rate_zones
FN:237,_RNvMNtNtCs1yu0zy1SNdm_13self_sensored8services20user_characteristicsNtB2_26UserCharacteristicsService20update_last_verified
FN:463,_RNvMNtNtCs1yu0zy1SNdm_13self_sensored8services20user_characteristicsNtB2_26UserCharacteristicsService22get_uv_recommendations
FN:338,_RNvMNtNtCs1yu0zy1SNdm_13self_sensored8services20user_characteristicsNtB2_26UserCharacteristicsService23get_incomplete_profiles
FN:250,_RNvMNtNtCs1yu0zy1SNdm_13self_sensored8services20user_characteristicsNtB2_26UserCharacteristicsService24get_with_personalization
FN:405,_RNvMNtNtCs1yu0zy1SNdm_13self_sensored8services20user_characteristicsNtB2_26UserCharacteristicsService24has_personalization_data
FN:471,_RNvMNtNtCs1yu0zy1SNdm_13self_sensored8services20user_characteristicsNtB2_26UserCharacteristicsService28get_activity_personalization
FN:219,_RNvMNtNtCs1yu0zy1SNdm_13self_sensored8services20user_characteristicsNtB2_26UserCharacteristicsService6delete
FN:119,_RNvMNtNtCs1yu0zy1SNdm_13self_sensored8services20user_characteristicsNtB2_26UserCharacteristicsService6update
FN:199,_RNvMNtNtCs1yu0zy1SNdm_13self_sensored8services20user_characteristicsNtB2_26UserCharacteristicsService6upsert
FNDA:2,_RNCNvMNtNtCs1yu0zy1SNdm_13self_sensored8services20user_characteristicsNtB4_26UserCharacteristicsService14get_by_user_id0B8_
FNDA:2,_RNCNvMNtNtCs1yu0zy1SNdm_13self_sensored8services20user_characteristicsNtB4_26UserCharacteristicsService21get_validation_ranges0B8_
FNDA:2,_RNCNvMNtNtCs1yu0zy1SNdm_13self_sensored8services20user_characteristicsNtB4_26UserCharacteristicsService6create0B8_
FNDA:0,_RNCNCNvNtNtNtCs1yu0zy1SNdm_13self_sensored8services20user_characteristics5testss_26test_get_validation_ranges00Bb_
FNDA:0,_RNCNCNvNtNtNtCs1yu0zy1SNdm_13self_sensored8services20user_characteristics5testss_32test_create_user_characteristics00Bb_
FNDA:1,_RNCNvNtNtNtCs1yu0zy1SNdm_13self_sensored8services20user_characteristics5testss_26test_get_validation_ranges0B9_
FNDA:1,_RNCNvNtNtNtCs1yu0zy1SNdm_13self_sensored8services20user_characteristics5testss_32test_create_user_characteristics0B9_
FNDA:1,_RNvNtNtNtCs1yu0zy1SNdm_13self_sensored8services20user_characteristics5testss_26test_get_validation_ranges
FNDA:1,_RNvNtNtNtCs1yu0zy1SNdm_13self_sensored8services20user_characteristics5testss_32test_create_user_characteristics
FNDA:2,_RNvMNtNtCs1yu0zy1SNdm_13self_sensored8services20user_characteristicsNtB2_26UserCharacteristicsService14get_by_user_id
FNDA:2,_RNvMNtNtCs1yu0zy1SNdm_13self_sensored8services20user_characteristicsNtB2_26UserCharacteristicsService21get_validation_ranges
FNDA:2,_RNvMNtNtCs1yu0zy1SNdm_13self_sensored8services20user_characteristicsNtB2_26UserCharacteristicsService3new
FNDA:2,_RNvMNtNtCs1yu0zy1SNdm_13self_sensored8services20user_characteristicsNtB2_26UserCharacteristicsService6create
FNDA:0,_RNCNCNvMNtNtCs1yu0zy1SNdm_13self_sensored8services20user_characteristicsNtB6_26UserCharacteristicsService19get_aggregate_stats0s_0Ba_
FNDA:0,_RNCNCNvMNtNtCs1yu0zy1SNdm_13self_sensored8services20user_characteristicsNtB6_26UserCharacteristicsService6upsert00Ba_
FNDA:0,_RNCNvMNtNtCs1yu0zy1SNdm_13self_sensored8services20user_characteristicsNtB4_26UserCharacteristicsService16process_ios_data0B8_
FNDA:0,_RNCNvMNtNtCs1yu0zy1SNdm_13self_sensored8services20user_characteristicsNtB4_26UserCharacteristicsService18get_emergency_info0B8_
FNDA:0,_RNCNvMNtNtCs1yu0zy1SNdm_13self_sensored8services20user_characteristicsNtB4_26UserCharacteristicsService19get_aggregate_stats0B8_
FNDA:0,_RNCNvMNtNtCs1yu0zy1SNdm_13self_sensored8services20user_characteristicsNtB4_26UserCharacteristicsService20get_heart_rate_zones0B8_
FNDA:0,_RNCNvMNtNtCs1yu0zy1SNdm_13self_sensored8services20user_characteristicsNtB4_26UserCharacteristicsService20update_last_verified0B8_
FNDA:0,_RNCNvMNtNtCs1yu0zy1SNdm_13self_sensored8services20user_characteristicsNtB4_26UserCharacteristicsService22get_uv_recommendations0B8_
FNDA:0,_RNCNvMNtNtCs1yu0zy1SNdm_13self_sensored8services20user_characteristicsNtB4_26UserCharacteristicsService23get_incomplete_profiles0B8_
FNDA:0,_RNCNvMNtNtCs1yu0zy1SNdm_13self_sensored8services20user_characteristicsNtB4_26UserCharacteristicsService24get_with_personalization0B8_
FNDA:0,_RNCNvMNtNtCs1yu0zy1SNdm_13self_sensored8services20user_characteristicsNtB4_26UserCharacteristicsService24has_personalization_data0B8_
FNDA:0,_RNCNvMNtNtCs1yu0zy1SNdm_13self_sensored8services20user_characteristicsNtB4_26UserCharacteristicsService28get_activity_personalization0B8_
FNDA:0,_RNCNvMNtNtCs1yu0zy1SNdm_13self_sensored8services20user_characteristicsNtB4_26UserCharacteristicsService6delete0B8_
FNDA:0,_RNCNvMNtNtCs1yu0zy1SNdm_13self_sensored8services20user_characteristicsNtB4_26UserCharacteristicsService6update0B8_
FNDA:0,_RNCNvMNtNtCs1yu0zy1SNdm_13self_sensored8services20user_characteristicsNtB4_26UserCharacteristicsService6upsert0B8_
FNDA:0,_RNvMNtNtCs1yu0zy1SNdm_13self_sensored8services20user_characteristicsNtB2_26UserCharacteristicsService16process_ios_data
FNDA:0,_RNvMNtNtCs1yu0zy1SNdm_13self_sensored8services20user_characteristicsNtB2_26UserCharacteristicsService18get_emergency_info
FNDA:0,_RNvMNtNtCs1yu0zy1SNdm_13self_sensored8services20user_characteristicsNtB2_26UserCharacteristicsService19get_aggregate_stats
FNDA:0,_RNvMNtNtCs1yu0zy1SNdm_13self_sensored8services20user_characteristicsNtB2_26UserCharacteristicsService20get_heart_rate_zones
FNDA:0,_RNvMNtNtCs1yu0zy1SNdm_13self_sensored8services20user_characteristicsNtB2_26UserCharacteristicsService20update_last_verified
FNDA:0,_RNvMNtNtCs1yu0zy1SNdm_13self_sensored8services20user_characteristicsNtB2_26UserCharacteristicsService22get_uv_recommendations
FNDA:0,_RNvMNtNtCs1yu0zy1SNdm_13self_sensored8services20user_characteristicsNtB2_26UserCharacteristicsService23get_incomplete_profiles
FNDA:0,_RNvMNtNtCs1yu0zy1SNdm_13self_sensored8services20user_characteristicsNtB2_26UserCharacteristicsService24get_with_personalization
FNDA:0,_RNvMNtNtCs1yu0zy1SNdm_13self_sensored8services20user_characteristicsNtB2_26UserCharacteristicsService24has_personalization_data
FNDA:0,_RNvMNtNtCs1yu0zy1SNdm_13self_sensored8services20user_characteristicsNtB2_26UserCharacteristicsService28get_activity_personalization
FNDA:0,_RNvMNtNtCs1yu0zy1SNdm_13self_sensored8services20user_characteristicsNtB2_26UserCharacteristicsService6delete
FNDA:0,_RNvMNtNtCs1yu0zy1SNdm_13self_sensored8services20user_characteristicsNtB2_26UserCharacteristicsService6update
FNDA:0,_RNvMNtNtCs1yu0zy1SNdm_13self_sensored8services20user_characteristicsNtB2_26UserCharacteristicsService6upsert
FNF:41
FNH:11
DA:19,2
DA:20,2
DA:21,2
DA:24,2
DA:25,2
DA:48,2
DA:49,2
DA:51,2
DA:52,2
DA:55,2
DA:56,2
DA:57,2
DA:58,2
DA:59,2
DA:60,2
DA:61,2
DA:63,2
DA:106,2
DA:107,2
DA:109,2
DA:112,0
DA:115,2
DA:116,2
DA:119,0
DA:120,0
DA:121,0
DA:122,0
DA:123,0
DA:124,0
DA:127,0
DA:128,0
DA:130,0
DA:131,0
DA:136,0
DA:138,0
DA:184,0
DA:185,0
DA:187,0
DA:189,0
DA:192,0
DA:195,0
DA:196,0
DA:199,0
DA:200,0
DA:201,0
DA:202,0
DA:203,0
DA:204,0
DA:207,0
DA:208,0
DA:209,0
DA:213,0
DA:216,0
DA:219,0
DA:220,0
DA:224,0
DA:225,0
DA:227,0
DA:229,0
DA:230,0
DA:231,0
DA:233,0
DA:234,0
DA:237,0
DA:238,0
DA:243,0
DA:244,0
DA:246,0
DA:247,0
DA:250,0
DA:251,0
DA:252,0
DA:253,0
DA:254,0
DA:255,0
DA:256,0
DA:257,0
DA:258,0
DA:259,0
DA:260,0
DA:262,0
DA:264,0
DA:267,2
DA:268,2
DA:269,2
DA:270,2
DA:271,2
DA:272,2
DA:274,2
DA:275,2
DA:276,2
DA:277,2
DA:278,2
DA:279,1
DA:280,1
DA:281,1
DA:282,1
DA:283,0
DA:285,1
DA:286,1
DA:287,1
DA:288,0
DA:290,1
DA:292,1
DA:293,1
DA:294,1
DA:295,1
DA:296,1
DA:299,1
DA:300,0
DA:301,0
DA:302,0
DA:304,0
DA:305,0
DA:306,0
DA:307,0
DA:308,0
DA:309,0
DA:312,1
DA:313,1
DA:314,1
DA:315,1
DA:316,1
DA:317,1
DA:318,1
DA:319,1
DA:322,0
DA:323,0
DA:324,0
DA:328,0
DA:329,0
DA:330,0
DA:334,2
DA:335,2
DA:338,0
DA:339,0
DA:341,0
DA:355,0
DA:356,0
DA:358,0
DA:359,0
DA:362,0
DA:363,0
DA:364,0
DA:365,0
DA:366,0
DA:367,0
DA:368,0
DA:369,0
DA:370,0
DA:371,0
DA:372,0
DA:373,0
DA:374,0
DA:375,0
DA:376,0
DA:377,0
DA:378,0
DA:379,0
DA:380,0
DA:381,0
DA:382,0
DA:383,0
DA:384,0
DA:386,0
DA:387,0
DA:388,0
DA:389,0
DA:390,0
DA:391,0
DA:392,0
DA:393,0
DA:395,0
DA:396,0
DA:398,0
DA:399,0
DA:400,0
DA:402,0
DA:405,0
DA:406,0
DA:421,0
DA:422,0
DA:424,0
DA:425,0
DA:428,0
DA:429,0
DA:430,0
DA:431,0
DA:432,0
DA:433,0
DA:434,0
DA:435,0
DA:437,0
DA:440,0
DA:441,0
DA:443,0
DA:444,0
DA:447,0
DA:449,0
DA:452,0
DA:455,0
DA:456,0
DA:457,0
DA:458,0
DA:460,0
DA:463,0
DA:464,0
DA:465,0
DA:466,0
DA:468,0
DA:471,0
DA:472,0
DA:473,0
DA:474,0
DA:476,0
DA:479,0
DA:480,0
DA:481,0
DA:482,0
DA:483,0
DA:484,0
DA:485,0
DA:486,0
DA:488,0
DA:501,1
DA:503,1
DA:504,1
DA:505,1
DA:507,1
DA:508,1
DA:509,1
DA:512,1
DA:513,1
DA:514,1
DA:515,1
DA:516,1
DA:517,1
DA:518,1
DA:519,1
DA:520,1
DA:521,1
DA:523,1
DA:524,1
DA:525,1
DA:526,1
DA:527,1
DA:528,1
DA:529,1
DA:530,1
DA:531,1
DA:532,1
DA:533,1
DA:534,1
DA:536,1
DA:537,1
DA:538,1
DA:541,1
DA:542,1
DA:543,1
DA:544,1
DA:545,1
DA:546,1
DA:547,1
DA:548,1
DA:549,1
DA:550,1
DA:551,1
DA:554,1
DA:556,1
DA:557,1
DA:558,1
DA:560,1
DA:561,1
DA:562,1
DA:565,1
DA:566,1
DA:567,1
DA:568,1
DA:569,1
DA:570,1
DA:571,1
DA:572,1
DA:573,1
DA:574,1
DA:577,1
DA:578,1
DA:579,1
DA:580,1
DA:581,1
DA:582,1
DA:584,1
DA:587,1
DA:588,1
DA:589,1
DA:590,1
DA:591,1
DA:592,1
DA:595,1
DA:596,1
DA:597,1
DA:598,1
DA:599,1
DA:600,1
DA:603,1
DA:604,1
DA:605,1
DA:606,1
DA:607,1
DA:608,1
DA:609,1
DA:610,1
DA:611,1
DA:612,1
DA:613,1
BRF:0
BRH:0
LF:346
LH:162
end_of_record